{"level":"http","message":"GET /api/departements 304 - 854ms - ::1","timestamp":"2026-07-20 14:57:34:5734"}
{"level":"http","message":"::1 - - [20/Jul/2026:13:57:34 +0000] \"GET /api/departements HTTP/1.1\" 304 - \"http://localhost:3000/\" \"Mozilla/5.0 (Windows NT 10.0; Win64; x64) AppleWebKit/537.36 (KHTML, like Gecko) Chrome/150.0.0.0 Safari/537.36\"","timestamp":"2026-07-20 14:57:34:5734"}
{"level":"http","message":"GET /api/utilisateurs?page=1&limit=10 200 - 1449ms - ::1","timestamp":"2026-07-20 14:57:36:5736"}
{"level":"http","message":"::1 - - [20/Jul/2026:13:57:36 +0000] \"GET /api/utilisateurs?page=1&limit=10 HTTP/1.1\" 200 - \"http://localhost:3000/\" \"Mozilla/5.0 (Windows NT 10.0; Win64; x64) AppleWebKit/537.36 (KHTML, like Gecko) Chrome/150.0.0.0 Safari/537.36\"","timestamp":"2026-07-20 14:57:36:5736"}
{"level":"http","message":"GET /api/utilisateurs?page=1&limit=10 304 - 1447ms - ::1","timestamp":"2026-07-20 14:57:38:5738"}
{"level":"http","message":"::1 - - [20/Jul/2026:13:57:38 +0000] \"GET /api/utilisateurs?page=1&limit=10 HTTP/1.1\" 304 - \"http://localhost:3000/\" \"Mozilla/5.0 (Windows NT 10.0; Win64; x64) AppleWebKit/537.36 (KHTML, like Gecko) Chrome/150.0.0.0 Safari/537.36\"","timestamp":"2026-07-20 14:57:38:5738"}
{"level":"http","message":"GET /api/membres?page=1&limit=100 304 - 5556ms - ::1","timestamp":"2026-07-20 14:57:48:5748"}
{"level":"http","message":"::1 - - [20/Jul/2026:13:57:48 +0000] \"GET /api/membres?page=1&limit=100 HTTP/1.1\" 304 - \"http://localhost:3000/\" \"Mozilla/5.0 (Windows NT 10.0; Win64; x64) AppleWebKit/537.36 (KHTML, like Gecko) Chrome/150.0.0.0 Safari/537.36\"","timestamp":"2026-07-20 14:57:48:5748"}
{"level":"http","message":"GET /api/membres?page=1&limit=100 304 - 1108ms - ::1","timestamp":"2026-07-20 14:57:49:5749"}
{"level":"http","message":"::1 - - [20/Jul/2026:13:57:49 +0000] \"GET /api/membres?page=1&limit=100 HTTP/1.1\" 304 - \"http://localhost:3000/\" \"Mozilla/5.0 (Windows NT 10.0; Win64; x64) AppleWebKit/537.36 (KHTML, like Gecko) Chrome/150.0.0.0 Safari/537.36\"","timestamp":"2026-07-20 14:57:49:5749"}
{"level":"http","message":"GET /api/utilisateurs?page=1&limit=10 304 - 879ms - ::1","timestamp":"2026-07-20 14:57:52:5752"}
{"level":"http","message":"::1 - - [20/Jul/2026:13:57:52 +0000] \"GET /api/utilisateurs?page=1&limit=10 HTTP/1.1\" 304 - \"http://localhost:3000/\" \"Mozilla/5.0 (Windows NT 10.0; Win64; x64) AppleWebKit/537.36 (KHTML, like Gecko) Chrome/150.0.0.0 Safari/537.36\"","timestamp":"2026-07-20 14:57:52:5752"}
{"level":"http","message":"GET /api/utilisateurs?page=1&limit=10 304 - 892ms - ::1","timestamp":"2026-07-20 14:57:53:5753"}
{"level":"http","message":"::1 - - [20/Jul/2026:13:57:53 +0000] \"GET /api/utilisateurs?page=1&limit=10 HTTP/1.1\" 304 - \"http://localhost:3000/\" \"Mozilla/5.0 (Windows NT 10.0; Win64; x64) AppleWebKit/537.36 (KHTML, like Gecko) Chrome/150.0.0.0 Safari/537.36\"","timestamp":"2026-07-20 14:57:53:5753"}
{"level":"http","message":"GET /api/utilisateurs?page=1&limit=10 304 - 1146ms - ::1","timestamp":"2026-07-20 15:00:26:026"}
{"level":"http","message":"::1 - - [20/Jul/2026:14:00:26 +0000] \"GET /api/utilisateurs?page=1&limit=10 HTTP/1.1\" 304 - \"http://localhost:3000/\" \"Mozilla/5.0 (Windows NT 10.0; Win64; x64) AppleWebKit/537.36 (KHTML, like Gecko) Chrome/150.0.0.0 Safari/537.36\"","timestamp":"2026-07-20 15:00:26:026"}
{"level":"http","message":"GET /api/utilisateurs?page=1&limit=10 304 - 895ms - ::1","timestamp":"2026-07-20 15:00:35:035"}
{"level":"http","message":"::1 - - [20/Jul/2026:14:00:35 +0000] \"GET /api/utilisateurs?page=1&limit=10 HTTP/1.1\" 304 - \"http://localhost:3000/\" \"Mozilla/5.0 (Windows NT 10.0; Win64; x64) AppleWebKit/537.36 (KHTML, like Gecko) Chrome/150.0.0.0 Safari/537.36\"","timestamp":"2026-07-20 15:00:35:035"}
{"level":"info","message":"👋 Déconnexion: jean.dupont@email.com","timestamp":"2026-07-20 15:00:50:050"}
{"level":"http","message":"POST /api/auth/logout 200 - 1250ms - ::1","timestamp":"2026-07-20 15:00:50:050"}
{"level":"http","message":"::1 - - [20/Jul/2026:14:00:50 +0000] \"POST /api/auth/logout HTTP/1.1\" 200 54 \"http://localhost:3000/\" \"Mozilla/5.0 (Windows NT 10.0; Win64; x64) AppleWebKit/537.36 (KHTML, like Gecko) Chrome/150.0.0.0 Safari/537.36\"","timestamp":"2026-07-20 15:00:50:050"}
{"level":"info","message":"✅ Base de données connectée avec succès","timestamp":"2026-07-22 20:50:26:5026"}
{"level":"info","message":"✅ Base de données opérationnelle","timestamp":"2026-07-22 20:50:27:5027"}
{"level":"info","message":"🚀 Serveur démarré avec succès","timestamp":"2026-07-22 20:50:27:5027"}
{"level":"info","message":"📡 Environnement: development","timestamp":"2026-07-22 20:50:27:5027"}
{"level":"info","message":"🌐 Port: 5000","timestamp":"2026-07-22 20:50:27:5027"}
{"level":"info","message":"📚 Documentation: http://localhost:5000/api-docs","timestamp":"2026-07-22 20:50:27:5027"}
{"level":"info","message":"❤️  Health check: http://localhost:5000/health","timestamp":"2026-07-22 20:50:27:5027"}
{"level":"info","message":"✅ Connexion réussie: jean.dupont@email.com (administrateur)","timestamp":"2026-07-22 20:57:25:5725"}
{"level":"http","message":"POST /api/auth/login 200 - 5582ms - ::1","timestamp":"2026-07-22 20:57:25:5725"}
{"level":"http","message":"::1 - - [22/Jul/2026:19:57:25 +0000] \"POST /api/auth/login HTTP/1.1\" 200 478 \"http://localhost:3000/\" \"Mozilla/5.0 (Windows NT 10.0; Win64; x64) AppleWebKit/537.36 (KHTML, like Gecko) Chrome/150.0.0.0 Safari/537.36\"","timestamp":"2026-07-22 20:57:25:5725"}
{"level":"http","message":"GET /api/membres?page=1&limit=5 200 - 3188ms - ::1","timestamp":"2026-07-22 20:57:31:5731"}
{"level":"http","message":"::1 - - [22/Jul/2026:19:57:31 +0000] \"GET /api/membres?page=1&limit=5 HTTP/1.1\" 200 - \"http://localhost:3000/\" \"Mozilla/5.0 (Windows NT 10.0; Win64; x64) AppleWebKit/537.36 (KHTML, like Gecko) Chrome/150.0.0.0 Safari/537.36\"","timestamp":"2026-07-22 20:57:31:5731"}
{"level":"http","message":"GET /api/transactions/report/summary?periode=all 200 - 3474ms - ::1","timestamp":"2026-07-22 20:57:31:5731"}
{"level":"http","message":"::1 - - [22/Jul/2026:19:57:31 +0000] \"GET /api/transactions/report/summary?periode=all HTTP/1.1\" 200 - \"http://localhost:3000/\" \"Mozilla/5.0 (Windows NT 10.0; Win64; x64) AppleWebKit/537.36 (KHTML, like Gecko) Chrome/150.0.0.0 Safari/537.36\"","timestamp":"2026-07-22 20:57:31:5731"}
{"level":"http","message":"GET /api/transactions?page=1&limit=50 200 - 3683ms - ::1","timestamp":"2026-07-22 20:57:31:5731"}
{"level":"http","message":"::1 - - [22/Jul/2026:19:57:31 +0000] \"GET /api/transactions?page=1&limit=50 HTTP/1.1\" 200 - \"http://localhost:3000/\" \"Mozilla/5.0 (Windows NT 10.0; Win64; x64) AppleWebKit/537.36 (KHTML, like Gecko) Chrome/150.0.0.0 Safari/537.36\"","timestamp":"2026-07-22 20:57:31:5731"}
{"level":"http","message":"GET /api/membres?page=1&limit=5 304 - 839ms - ::1","timestamp":"2026-07-22 20:57:31:5731"}
{"level":"http","message":"::1 - - [22/Jul/2026:19:57:31 +0000] \"GET /api/membres?page=1&limit=5 HTTP/1.1\" 304 - \"http://localhost:3000/\" \"Mozilla/5.0 (Windows NT 10.0; Win64; x64) AppleWebKit/537.36 (KHTML, like Gecko) Chrome/150.0.0.0 Safari/537.36\"","timestamp":"2026-07-22 20:57:31:5731"}
{"level":"http","message":"GET /api/transactions?page=1&limit=50 304 - 1300ms - ::1","timestamp":"2026-07-22 20:57:32:5732"}
{"level":"http","message":"::1 - - [22/Jul/2026:19:57:32 +0000] \"GET /api/transactions?page=1&limit=50 HTTP/1.1\" 304 - \"http://localhost:3000/\" \"Mozilla/5.0 (Windows NT 10.0; Win64; x64) AppleWebKit/537.36 (KHTML, like Gecko) Chrome/150.0.0.0 Safari/537.36\"","timestamp":"2026-07-22 20:57:32:5732"}
{"level":"http","message":"GET /api/transactions/report/summary?periode=all 304 - 1635ms - ::1","timestamp":"2026-07-22 20:57:33:5733"}
{"level":"http","message":"::1 - - [22/Jul/2026:19:57:33 +0000] \"GET /api/transactions/report/summary?periode=all HTTP/1.1\" 304 - \"http://localhost:3000/\" \"Mozilla/5.0 (Windows NT 10.0; Win64; x64) AppleWebKit/537.36 (KHTML, like Gecko) Chrome/150.0.0.0 Safari/537.36\"","timestamp":"2026-07-22 20:57:33:5733"}
{"level":"error","message":"Prisma Error: \nInvalid `prisma.membre.findMany()` invocation:\n\n\nError in connector: Error querying the database: FATAL: (EMAXCONNSESSION) max clients reached in session mode - max clients are limited to pool_size: 15","timestamp":"2026-07-22 20:57:34:5734"}
{"clientVersion":"5.22.0","level":"error","message":"Erreur getMembres: \nInvalid `prisma.membre.findMany()` invocation:\n\n\nError in connector: Error querying the database: FATAL: (EMAXCONNSESSION) max clients reached in session mode - max clients are limited to pool_size: 15","name":"PrismaClientUnknownRequestError","stack":"PrismaClientUnknownRequestError: \nInvalid `prisma.membre.findMany()` invocation:\n\n\nError in connector: Error querying the database: FATAL: (EMAXCONNSESSION) max clients reached in session mode - max clients are limited to pool_size: 15\n    at $n.handleRequestError (D:\\Web Project\\camp-de-dieu\\app\\backend-eglise\\node_modules\\@prisma\\client\\runtime\\library.js:121:7505)\n    at $n.handleAndLogRequestError (D:\\Web Project\\camp-de-dieu\\app\\backend-eglise\\node_modules\\@prisma\\client\\runtime\\library.js:121:6623)\n    at $n.request (D:\\Web Project\\camp-de-dieu\\app\\backend-eglise\\node_modules\\@prisma\\client\\runtime\\library.js:121:6307)\n    at async l (D:\\Web Project\\camp-de-dieu\\app\\backend-eglise\\node_modules\\@prisma\\client\\runtime\\library.js:130:9633)\n    at async Promise.all (index 0)\n    at async getMembres (file:///D:/Web%20Project/camp-de-dieu/app/backend-eglise/src/controllers/membreController.js:49:30)","timestamp":"2026-07-22 20:57:34:5734"}
{"level":"http","message":"GET /api/membres?page=1&limit=50 500 - 6207ms - ::1","timestamp":"2026-07-22 20:57:34:5734"}
{"level":"http","message":"::1 - - [22/Jul/2026:19:57:34 +0000] \"GET /api/membres?page=1&limit=50 HTTP/1.1\" 500 39 \"http://localhost:3000/\" \"Mozilla/5.0 (Windows NT 10.0; Win64; x64) AppleWebKit/537.36 (KHTML, like Gecko) Chrome/150.0.0.0 Safari/537.36\"","timestamp":"2026-07-22 20:57:34:5734"}
{"level":"http","message":"GET /api/membres?page=1&limit=50 200 - 1256ms - ::1","timestamp":"2026-07-22 20:57:35:5735"}
{"level":"http","message":"::1 - - [22/Jul/2026:19:57:35 +0000] \"GET /api/membres?page=1&limit=50 HTTP/1.1\" 200 - \"http://localhost:3000/\" \"Mozilla/5.0 (Windows NT 10.0; Win64; x64) AppleWebKit/537.36 (KHTML, like Gecko) Chrome/150.0.0.0 Safari/537.36\"","timestamp":"2026-07-22 20:57:35:5735"}
{"level":"http","message":"GET /api/dashboard/global 200 - 8439ms - ::1","timestamp":"2026-07-22 20:57:36:5736"}
{"level":"http","message":"::1 - - [22/Jul/2026:19:57:36 +0000] \"GET /api/dashboard/global HTTP/1.1\" 200 - \"http://localhost:3000/\" \"Mozilla/5.0 (Windows NT 10.0; Win64; x64) AppleWebKit/537.36 (KHTML, like Gecko) Chrome/150.0.0.0 Safari/537.36\"","timestamp":"2026-07-22 20:57:36:5736"}
{"level":"http","message":"GET /api/dashboard/global 304 - 5991ms - ::1","timestamp":"2026-07-22 20:57:42:5742"}
{"level":"http","message":"::1 - - [22/Jul/2026:19:57:42 +0000] \"GET /api/dashboard/global HTTP/1.1\" 304 - \"http://localhost:3000/\" \"Mozilla/5.0 (Windows NT 10.0; Win64; x64) AppleWebKit/537.36 (KHTML, like Gecko) Chrome/150.0.0.0 Safari/537.36\"","timestamp":"2026-07-22 20:57:42:5742"}
{"level":"http","message":"GET /api/dashboard/global 304 - 6505ms - ::1","timestamp":"2026-07-22 20:57:48:5748"}
{"level":"http","message":"::1 - - [22/Jul/2026:19:57:48 +0000] \"GET /api/dashboard/global HTTP/1.1\" 304 - \"http://localhost:3000/\" \"Mozilla/5.0 (Windows NT 10.0; Win64; x64) AppleWebKit/537.36 (KHTML, like Gecko) Chrome/150.0.0.0 Safari/537.36\"","timestamp":"2026-07-22 20:57:48:5748"}
{"level":"http","message":"GET /api/dashboard/global 200 - 8582ms - ::1","timestamp":"2026-07-22 20:57:56:5756"}
{"level":"http","message":"::1 - - [22/Jul/2026:19:57:56 +0000] \"GET /api/dashboard/global HTTP/1.1\" 200 - \"http://localhost:3000/\" \"Mozilla/5.0 (Windows NT 10.0; Win64; x64) AppleWebKit/537.36 (KHTML, like Gecko) Chrome/150.0.0.0 Safari/537.36\"","timestamp":"2026-07-22 20:57:56:5756"}
{"level":"http","message":"GET /api/membres?page=1&limit=50 200 - 1582ms - ::1","timestamp":"2026-07-22 20:58:31:5831"}
{"level":"http","message":"::1 - - [22/Jul/2026:19:58:31 +0000] \"GET /api/membres?page=1&limit=50 HTTP/1.1\" 200 - \"http://localhost:3000/\" \"Mozilla/5.0 (iPhone; CPU iPhone OS 16_0 like Mac OS X) AppleWebKit/605.1.15 (KHTML, like Gecko) Version/16.0 Mobile/15E148 Safari/604.1\"","timestamp":"2026-07-22 20:58:31:5831"}
{"level":"http","message":"GET /api/transactions?page=1&limit=50 200 - 1535ms - ::1","timestamp":"2026-07-22 20:58:31:5831"}
{"level":"http","message":"::1 - - [22/Jul/2026:19:58:31 +0000] \"GET /api/transactions?page=1&limit=50 HTTP/1.1\" 200 - \"http://localhost:3000/\" \"Mozilla/5.0 (iPhone; CPU iPhone OS 16_0 like Mac OS X) AppleWebKit/605.1.15 (KHTML, like Gecko) Version/16.0 Mobile/15E148 Safari/604.1\"","timestamp":"2026-07-22 20:58:31:5831"}
{"level":"http","message":"GET /api/membres?page=1&limit=5 200 - 1497ms - ::1","timestamp":"2026-07-22 20:58:31:5831"}
{"level":"http","message":"::1 - - [22/Jul/2026:19:58:31 +0000] \"GET /api/membres?page=1&limit=5 HTTP/1.1\" 200 - \"http://localhost:3000/\" \"Mozilla/5.0 (iPhone; CPU iPhone OS 16_0 like Mac OS X) AppleWebKit/605.1.15 (KHTML, like Gecko) Version/16.0 Mobile/15E148 Safari/604.1\"","timestamp":"2026-07-22 20:58:31:5831"}
{"level":"http","message":"GET /api/transactions/report/summary?periode=all 200 - 2197ms - ::1","timestamp":"2026-07-22 20:58:32:5832"}
{"level":"http","message":"::1 - - [22/Jul/2026:19:58:32 +0000] \"GET /api/transactions/report/summary?periode=all HTTP/1.1\" 200 - \"http://localhost:3000/\" \"Mozilla/5.0 (iPhone; CPU iPhone OS 16_0 like Mac OS X) AppleWebKit/605.1.15 (KHTML, like Gecko) Version/16.0 Mobile/15E148 Safari/604.1\"","timestamp":"2026-07-22 20:58:32:5832"}
{"level":"http","message":"::1 - - [22/Jul/2026:19:58:32 +0000] \"GET /api/membres?page=1&limit=5 HTTP/1.1\" - - \"http://localhost:3000/\" \"Mozilla/5.0 (iPhone; CPU iPhone OS 16_0 like Mac OS X) AppleWebKit/605.1.15 (KHTML, like Gecko) Version/16.0 Mobile/15E148 Safari/604.1\"","timestamp":"2026-07-22 20:58:32:5832"}
{"level":"http","message":"::1 - - [22/Jul/2026:19:58:32 +0000] \"GET /api/dashboard/global HTTP/1.1\" - - \"http://localhost:3000/\" \"Mozilla/5.0 (iPhone; CPU iPhone OS 16_0 like Mac OS X) AppleWebKit/605.1.15 (KHTML, like Gecko) Version/16.0 Mobile/15E148 Safari/604.1\"","timestamp":"2026-07-22 20:58:32:5832"}
{"level":"http","message":"::1 - - [22/Jul/2026:19:58:32 +0000] \"GET /api/dashboard/global HTTP/1.1\" - - \"http://localhost:3000/\" \"Mozilla/5.0 (iPhone; CPU iPhone OS 16_0 like Mac OS X) AppleWebKit/605.1.15 (KHTML, like Gecko) Version/16.0 Mobile/15E148 Safari/604.1\"","timestamp":"2026-07-22 20:58:32:5832"}
{"level":"http","message":"::1 - - [22/Jul/2026:19:58:32 +0000] \"GET /api/membres?page=1&limit=50 HTTP/1.1\" - - \"http://localhost:3000/\" \"Mozilla/5.0 (iPhone; CPU iPhone OS 16_0 like Mac OS X) AppleWebKit/605.1.15 (KHTML, like Gecko) Version/16.0 Mobile/15E148 Safari/604.1\"","timestamp":"2026-07-22 20:58:32:5832"}
{"level":"http","message":"::1 - - [22/Jul/2026:19:58:32 +0000] \"GET /api/transactions?page=1&limit=50 HTTP/1.1\" - - \"http://localhost:3000/\" \"Mozilla/5.0 (iPhone; CPU iPhone OS 16_0 like Mac OS X) AppleWebKit/605.1.15 (KHTML, like Gecko) Version/16.0 Mobile/15E148 Safari/604.1\"","timestamp":"2026-07-22 20:58:32:5832"}
{"level":"http","message":"::1 - - [22/Jul/2026:19:58:32 +0000] \"GET /api/transactions/report/summary?periode=all HTTP/1.1\" - - \"http://localhost:3000/\" \"Mozilla/5.0 (iPhone; CPU iPhone OS 16_0 like Mac OS X) AppleWebKit/605.1.15 (KHTML, like Gecko) Version/16.0 Mobile/15E148 Safari/604.1\"","timestamp":"2026-07-22 20:58:32:5832"}
{"level":"error","message":"Prisma Error: \nInvalid `prisma.membre.count()` invocation:\n\n\nError in connector: Error querying the database: FATAL: (EMAXCONNSESSION) max clients reached in session mode - max clients are limited to pool_size: 15","timestamp":"2026-07-22 20:58:33:5833"}
{"clientVersion":"5.22.0","level":"error","message":"Erreur getGlobalDashboard: \nInvalid `prisma.membre.count()` invocation:\n\n\nError in connector: Error querying the database: FATAL: (EMAXCONNSESSION) max clients reached in session mode - max clients are limited to pool_size: 15","name":"PrismaClientUnknownRequestError","stack":"PrismaClientUnknownRequestError: \nInvalid `prisma.membre.count()` invocation:\n\n\nError in connector: Error querying the database: FATAL: (EMAXCONNSESSION) max clients reached in session mode - max clients are limited to pool_size: 15\n    at $n.handleRequestError (D:\\Web Project\\camp-de-dieu\\app\\backend-eglise\\node_modules\\@prisma\\client\\runtime\\library.js:121:7505)\n    at $n.handleAndLogRequestError (D:\\Web Project\\camp-de-dieu\\app\\backend-eglise\\node_modules\\@prisma\\client\\runtime\\library.js:121:6623)\n    at $n.request (D:\\Web Project\\camp-de-dieu\\app\\backend-eglise\\node_modules\\@prisma\\client\\runtime\\library.js:121:6307)\n    at async l (D:\\Web Project\\camp-de-dieu\\app\\backend-eglise\\node_modules\\@prisma\\client\\runtime\\library.js:130:9633)\n    at async Promise.all (index 2)\n    at async getGlobalDashboard (file:///D:/Web%20Project/camp-de-dieu/app/backend-eglise/src/controllers/dashboardController.js:56:72)","timestamp":"2026-07-22 20:58:33:5833"}
{"level":"http","message":"GET /api/membres?page=1&limit=50 200 - 1624ms - ::1","timestamp":"2026-07-22 20:58:37:5837"}
{"level":"http","message":"::1 - - [22/Jul/2026:19:58:37 +0000] \"GET /api/membres?page=1&limit=50 HTTP/1.1\" 200 - \"http://localhost:3000/\" \"Mozilla/5.0 (iPhone; CPU iPhone OS 16_0 like Mac OS X) AppleWebKit/605.1.15 (KHTML, like Gecko) Version/16.0 Mobile/15E148 Safari/604.1\"","timestamp":"2026-07-22 20:58:37:5837"}
{"level":"http","message":"GET /api/membres?page=1&limit=5 200 - 1432ms - ::1","timestamp":"2026-07-22 20:58:37:5837"}
{"level":"http","message":"::1 - - [22/Jul/2026:19:58:37 +0000] \"GET /api/membres?page=1&limit=5 HTTP/1.1\" 200 - \"http://localhost:3000/\" \"Mozilla/5.0 (iPhone; CPU iPhone OS 16_0 like Mac OS X) AppleWebKit/605.1.15 (KHTML, like Gecko) Version/16.0 Mobile/15E148 Safari/604.1\"","timestamp":"2026-07-22 20:58:37:5837"}
{"level":"http","message":"GET /api/transactions?page=1&limit=50 200 - 1403ms - ::1","timestamp":"2026-07-22 20:58:37:5837"}
{"level":"http","message":"::1 - - [22/Jul/2026:19:58:37 +0000] \"GET /api/transactions?page=1&limit=50 HTTP/1.1\" 200 - \"http://localhost:3000/\" \"Mozilla/5.0 (iPhone; CPU iPhone OS 16_0 like Mac OS X) AppleWebKit/605.1.15 (KHTML, like Gecko) Version/16.0 Mobile/15E148 Safari/604.1\"","timestamp":"2026-07-22 20:58:37:5837"}
{"level":"http","message":"GET /api/transactions/report/summary?periode=all 200 - 1699ms - ::1","timestamp":"2026-07-22 20:58:37:5837"}
{"level":"http","message":"::1 - - [22/Jul/2026:19:58:37 +0000] \"GET /api/transactions/report/summary?periode=all HTTP/1.1\" 200 - \"http://localhost:3000/\" \"Mozilla/5.0 (iPhone; CPU iPhone OS 16_0 like Mac OS X) AppleWebKit/605.1.15 (KHTML, like Gecko) Version/16.0 Mobile/15E148 Safari/604.1\"","timestamp":"2026-07-22 20:58:37:5837"}
{"level":"http","message":"GET /api/transactions?page=1&limit=50 200 - 1162ms - ::1","timestamp":"2026-07-22 20:58:38:5838"}
{"level":"http","message":"::1 - - [22/Jul/2026:19:58:38 +0000] \"GET /api/transactions?page=1&limit=50 HTTP/1.1\" 200 - \"http://localhost:3000/\" \"Mozilla/5.0 (iPhone; CPU iPhone OS 16_0 like Mac OS X) AppleWebKit/605.1.15 (KHTML, like Gecko) Version/16.0 Mobile/15E148 Safari/604.1\"","timestamp":"2026-07-22 20:58:38:5838"}
{"level":"http","message":"GET /api/membres?page=1&limit=50 200 - 1261ms - ::1","timestamp":"2026-07-22 20:58:38:5838"}
{"level":"http","message":"::1 - - [22/Jul/2026:19:58:38 +0000] \"GET /api/membres?page=1&limit=50 HTTP/1.1\" 200 - \"http://localhost:3000/\" \"Mozilla/5.0 (iPhone; CPU iPhone OS 16_0 like Mac OS X) AppleWebKit/605.1.15 (KHTML, like Gecko) Version/16.0 Mobile/15E148 Safari/604.1\"","timestamp":"2026-07-22 20:58:38:5838"}
{"level":"http","message":"GET /api/membres?page=1&limit=5 200 - 1102ms - ::1","timestamp":"2026-07-22 20:58:39:5839"}
{"level":"http","message":"::1 - - [22/Jul/2026:19:58:39 +0000] \"GET /api/membres?page=1&limit=5 HTTP/1.1\" 200 - \"http://localhost:3000/\" \"Mozilla/5.0 (iPhone; CPU iPhone OS 16_0 like Mac OS X) AppleWebKit/605.1.15 (KHTML, like Gecko) Version/16.0 Mobile/15E148 Safari/604.1\"","timestamp":"2026-07-22 20:58:40:5840"}
{"level":"http","message":"GET /api/transactions/report/summary?periode=all 200 - 1223ms - ::1","timestamp":"2026-07-22 20:58:40:5840"}
{"level":"http","message":"::1 - - [22/Jul/2026:19:58:40 +0000] \"GET /api/transactions/report/summary?periode=all HTTP/1.1\" 200 - \"http://localhost:3000/\" \"Mozilla/5.0 (iPhone; CPU iPhone OS 16_0 like Mac OS X) AppleWebKit/605.1.15 (KHTML, like Gecko) Version/16.0 Mobile/15E148 Safari/604.1\"","timestamp":"2026-07-22 20:58:40:5840"}
{"level":"error","message":"Prisma Error: \nInvalid `prisma.transaction.findMany()` invocation:\n\n\nError in connector: Error querying the database: FATAL: (EMAXCONNSESSION) max clients reached in session mode - max clients are limited to pool_size: 15","timestamp":"2026-07-22 20:58:40:5840"}
{"clientVersion":"5.22.0","level":"error","message":"Erreur getGlobalDashboard: \nInvalid `prisma.transaction.findMany()` invocation:\n\n\nError in connector: Error querying the database: FATAL: (EMAXCONNSESSION) max clients reached in session mode - max clients are limited to pool_size: 15","name":"PrismaClientUnknownRequestError","stack":"PrismaClientUnknownRequestError: \nInvalid `prisma.transaction.findMany()` invocation:\n\n\nError in connector: Error querying the database: FATAL: (EMAXCONNSESSION) max clients reached in session mode - max clients are limited to pool_size: 15\n    at $n.handleRequestError (D:\\Web Project\\camp-de-dieu\\app\\backend-eglise\\node_modules\\@prisma\\client\\runtime\\library.js:121:7505)\n    at $n.handleAndLogRequestError (D:\\Web Project\\camp-de-dieu\\app\\backend-eglise\\node_modules\\@prisma\\client\\runtime\\library.js:121:6623)\n    at $n.request (D:\\Web Project\\camp-de-dieu\\app\\backend-eglise\\node_modules\\@prisma\\client\\runtime\\library.js:121:6307)\n    at async l (D:\\Web Project\\camp-de-dieu\\app\\backend-eglise\\node_modules\\@prisma\\client\\runtime\\library.js:130:9633)\n    at async getGlobalDashboard (file:///D:/Web%20Project/camp-de-dieu/app/backend-eglise/src/controllers/dashboardController.js:207:35)","timestamp":"2026-07-22 20:58:40:5840"}
{"level":"info","message":"👋 Déconnexion: jean.dupont@email.com","timestamp":"2026-07-22 20:58:41:5841"}
{"level":"http","message":"POST /api/auth/logout 200 - 556ms - ::1","timestamp":"2026-07-22 20:58:41:5841"}
{"level":"http","message":"::1 - - [22/Jul/2026:19:58:41 +0000] \"POST /api/auth/logout HTTP/1.1\" 200 54 \"http://localhost:3000/\" \"Mozilla/5.0 (iPhone; CPU iPhone OS 16_0 like Mac OS X) AppleWebKit/605.1.15 (KHTML, like Gecko) Version/16.0 Mobile/15E148 Safari/604.1\"","timestamp":"2026-07-22 20:58:41:5841"}
{"level":"http","message":"GET /api/dashboard/global 200 - 5665ms - ::1","timestamp":"2026-07-22 20:58:43:5843"}
{"level":"http","message":"::1 - - [22/Jul/2026:19:58:43 +0000] \"GET /api/dashboard/global HTTP/1.1\" 200 - \"http://localhost:3000/\" \"Mozilla/5.0 (iPhone; CPU iPhone OS 16_0 like Mac OS X) AppleWebKit/605.1.15 (KHTML, like Gecko) Version/16.0 Mobile/15E148 Safari/604.1\"","timestamp":"2026-07-22 20:58:43:5843"}
{"level":"http","message":"GET /api/dashboard/global 200 - 5551ms - ::1","timestamp":"2026-07-22 20:58:43:5843"}
{"level":"http","message":"::1 - - [22/Jul/2026:19:58:43 +0000] \"GET /api/dashboard/global HTTP/1.1\" 200 - \"http://localhost:3000/\" \"Mozilla/5.0 (iPhone; CPU iPhone OS 16_0 like Mac OS X) AppleWebKit/605.1.15 (KHTML, like Gecko) Version/16.0 Mobile/15E148 Safari/604.1\"","timestamp":"2026-07-22 20:58:43:5843"}
{"level":"http","message":"GET /api/dashboard/global 200 - 6875ms - ::1","timestamp":"2026-07-22 20:58:43:5843"}
{"level":"http","message":"::1 - - [22/Jul/2026:19:58:43 +0000] \"GET /api/dashboard/global HTTP/1.1\" 200 - \"http://localhost:3000/\" \"Mozilla/5.0 (iPhone; CPU iPhone OS 16_0 like Mac OS X) AppleWebKit/605.1.15 (KHTML, like Gecko) Version/16.0 Mobile/15E148 Safari/604.1\"","timestamp":"2026-07-22 20:58:43:5843"}
{"level":"http","message":"GET /api/dashboard/global 200 - 8431ms - ::1","timestamp":"2026-07-22 20:58:43:5843"}
{"level":"http","message":"::1 - - [22/Jul/2026:19:58:43 +0000] \"GET /api/dashboard/global HTTP/1.1\" 200 - \"http://localhost:3000/\" \"Mozilla/5.0 (iPhone; CPU iPhone OS 16_0 like Mac OS X) AppleWebKit/605.1.15 (KHTML, like Gecko) Version/16.0 Mobile/15E148 Safari/604.1\"","timestamp":"2026-07-22 20:58:43:5843"}
{"level":"info","message":"✅ Base de données connectée avec succès","timestamp":"2026-07-22 22:06:22:622"}
{"level":"info","message":"✅ Base de données opérationnelle","timestamp":"2026-07-22 22:06:23:623"}
{"level":"info","message":"🚀 Serveur démarré avec succès","timestamp":"2026-07-22 22:06:23:623"}
{"level":"info","message":"📡 Environnement: development","timestamp":"2026-07-22 22:06:23:623"}
{"level":"info","message":"🌐 Port: 5000","timestamp":"2026-07-22 22:06:23:623"}
{"level":"info","message":"📚 Documentation: http://localhost:5000/api-docs","timestamp":"2026-07-22 22:06:23:623"}
{"level":"info","message":"❤️  Health check: http://localhost:5000/health","timestamp":"2026-07-22 22:06:23:623"}
{"level":"http","message":"GET /api/membres?page=1&limit=50 304 - 3778ms - ::1","timestamp":"2026-07-22 22:06:51:651"}
{"level":"http","message":"::1 - - [22/Jul/2026:21:06:51 +0000] \"GET /api/membres?page=1&limit=50 HTTP/1.1\" 304 - \"http://localhost:3000/\" \"Mozilla/5.0 (Windows NT 10.0; Win64; x64) AppleWebKit/537.36 (KHTML, like Gecko) Chrome/150.0.0.0 Safari/537.36\"","timestamp":"2026-07-22 22:06:51:651"}
{"level":"http","message":"GET /api/transactions?page=1&limit=50 304 - 5712ms - ::1","timestamp":"2026-07-22 22:06:53:653"}
{"level":"http","message":"::1 - - [22/Jul/2026:21:06:53 +0000] \"GET /api/transactions?page=1&limit=50 HTTP/1.1\" 304 - \"http://localhost:3000/\" \"Mozilla/5.0 (Windows NT 10.0; Win64; x64) AppleWebKit/537.36 (KHTML, like Gecko) Chrome/150.0.0.0 Safari/537.36\"","timestamp":"2026-07-22 22:06:53:653"}
{"level":"http","message":"GET /api/transactions?page=1&limit=50 304 - 2158ms - ::1","timestamp":"2026-07-22 22:06:57:657"}
{"level":"http","message":"::1 - - [22/Jul/2026:21:06:57 +0000] \"GET /api/transactions?page=1&limit=50 HTTP/1.1\" 304 - \"http://localhost:3000/\" \"Mozilla/5.0 (Windows NT 10.0; Win64; x64) AppleWebKit/537.36 (KHTML, like Gecko) Chrome/150.0.0.0 Safari/537.36\"","timestamp":"2026-07-22 22:06:57:657"}
{"level":"http","message":"GET /api/membres?page=1&limit=50 304 - 2416ms - ::1","timestamp":"2026-07-22 22:06:57:657"}
{"level":"http","message":"::1 - - [22/Jul/2026:21:06:57 +0000] \"GET /api/membres?page=1&limit=50 HTTP/1.1\" 304 - \"http://localhost:3000/\" \"Mozilla/5.0 (Windows NT 10.0; Win64; x64) AppleWebKit/537.36 (KHTML, like Gecko) Chrome/150.0.0.0 Safari/537.36\"","timestamp":"2026-07-22 22:06:57:657"}
{"level":"http","message":"GET /api/membres?page=1&limit=50 304 - 2662ms - ::1","timestamp":"2026-07-22 22:07:23:723"}
{"level":"http","message":"::1 - - [22/Jul/2026:21:07:23 +0000] \"GET /api/membres?page=1&limit=50 HTTP/1.1\" 304 - \"http://localhost:3000/\" \"Mozilla/5.0 (Windows NT 10.0; Win64; x64) AppleWebKit/537.36 (KHTML, like Gecko) Chrome/150.0.0.0 Safari/537.36\"","timestamp":"2026-07-22 22:07:23:723"}
{"level":"http","message":"GET /api/membres?page=1&limit=10&search=&statut= 200 - 2210ms - ::1","timestamp":"2026-07-22 22:07:24:724"}
{"level":"http","message":"::1 - - [22/Jul/2026:21:07:24 +0000] \"GET /api/membres?page=1&limit=10&search=&statut= HTTP/1.1\" 200 - \"http://localhost:3000/\" \"Mozilla/5.0 (Windows NT 10.0; Win64; x64) AppleWebKit/537.36 (KHTML, like Gecko) Chrome/150.0.0.0 Safari/537.36\"","timestamp":"2026-07-22 22:07:24:724"}
{"level":"http","message":"GET /api/membres?page=1&limit=50 304 - 1110ms - ::1","timestamp":"2026-07-22 22:07:25:725"}
{"level":"http","message":"::1 - - [22/Jul/2026:21:07:25 +0000] \"GET /api/membres?page=1&limit=50 HTTP/1.1\" 304 - \"http://localhost:3000/\" \"Mozilla/5.0 (Windows NT 10.0; Win64; x64) AppleWebKit/537.36 (KHTML, like Gecko) Chrome/150.0.0.0 Safari/537.36\"","timestamp":"2026-07-22 22:07:25:725"}
{"level":"http","message":"GET /api/membres?page=1&limit=10&search=&statut= 304 - 1642ms - ::1","timestamp":"2026-07-22 22:07:25:725"}
{"level":"http","message":"::1 - - [22/Jul/2026:21:07:25 +0000] \"GET /api/membres?page=1&limit=10&search=&statut= HTTP/1.1\" 304 - \"http://localhost:3000/\" \"Mozilla/5.0 (Windows NT 10.0; Win64; x64) AppleWebKit/537.36 (KHTML, like Gecko) Chrome/150.0.0.0 Safari/537.36\"","timestamp":"2026-07-22 22:07:25:725"}
{"level":"http","message":"GET /api/membres?page=1&limit=50 304 - 1823ms - ::1","timestamp":"2026-07-22 22:07:51:751"}
{"level":"http","message":"::1 - - [22/Jul/2026:21:07:51 +0000] \"GET /api/membres?page=1&limit=50 HTTP/1.1\" 304 - \"http://localhost:3000/\" \"Mozilla/5.0 (Windows NT 10.0; Win64; x64) AppleWebKit/537.36 (KHTML, like Gecko) Chrome/150.0.0.0 Safari/537.36\"","timestamp":"2026-07-22 22:07:51:751"}
{"level":"http","message":"GET /api/membres?page=1&limit=10&search=&statut= 304 - 2098ms - ::1","timestamp":"2026-07-22 22:07:51:751"}
{"level":"http","message":"::1 - - [22/Jul/2026:21:07:51 +0000] \"GET /api/membres?page=1&limit=10&search=&statut= HTTP/1.1\" 304 - \"http://localhost:3000/\" \"Mozilla/5.0 (Windows NT 10.0; Win64; x64) AppleWebKit/537.36 (KHTML, like Gecko) Chrome/150.0.0.0 Safari/537.36\"","timestamp":"2026-07-22 22:07:51:751"}
{"level":"http","message":"GET /api/membres?page=1&limit=50 304 - 889ms - ::1","timestamp":"2026-07-22 22:07:52:752"}
{"level":"http","message":"::1 - - [22/Jul/2026:21:07:52 +0000] \"GET /api/membres?page=1&limit=50 HTTP/1.1\" 304 - \"http://localhost:3000/\" \"Mozilla/5.0 (Windows NT 10.0; Win64; x64) AppleWebKit/537.36 (KHTML, like Gecko) Chrome/150.0.0.0 Safari/537.36\"","timestamp":"2026-07-22 22:07:52:752"}
{"level":"http","message":"GET /api/membres?page=1&limit=10&search=&statut= 304 - 889ms - ::1","timestamp":"2026-07-22 22:07:52:752"}
{"level":"http","message":"::1 - - [22/Jul/2026:21:07:52 +0000] \"GET /api/membres?page=1&limit=10&search=&statut= HTTP/1.1\" 304 - \"http://localhost:3000/\" \"Mozilla/5.0 (Windows NT 10.0; Win64; x64) AppleWebKit/537.36 (KHTML, like Gecko) Chrome/150.0.0.0 Safari/537.36\"","timestamp":"2026-07-22 22:07:52:752"}
{"level":"info","message":"✅ Base de données connectée avec succès","timestamp":"2026-07-22 22:10:40:1040"}
{"level":"info","message":"✅ Base de données opérationnelle","timestamp":"2026-07-22 22:10:40:1040"}
{"level":"info","message":"🚀 Serveur démarré avec succès","timestamp":"2026-07-22 22:10:40:1040"}
{"level":"info","message":"📡 Environnement: development","timestamp":"2026-07-22 22:10:40:1040"}
{"level":"info","message":"🌐 Port: 5000","timestamp":"2026-07-22 22:10:40:1040"}
{"level":"info","message":"📚 Documentation: http://localhost:5000/api-docs","timestamp":"2026-07-22 22:10:40:1040"}
{"level":"info","message":"❤️  Health check: http://localhost:5000/health","timestamp":"2026-07-22 22:10:40:1040"}
{"level":"info","message":"✅ Base de données connectée avec succès","timestamp":"2026-07-22 22:10:52:1052"}
{"level":"info","message":"✅ Base de données opérationnelle","timestamp":"2026-07-22 22:10:52:1052"}
{"level":"info","message":"🚀 Serveur démarré avec succès","timestamp":"2026-07-22 22:10:52:1052"}
{"level":"info","message":"📡 Environnement: development","timestamp":"2026-07-22 22:10:52:1052"}
{"level":"info","message":"🌐 Port: 5000","timestamp":"2026-07-22 22:10:52:1052"}
{"level":"info","message":"📚 Documentation: http://localhost:5000/api-docs","timestamp":"2026-07-22 22:10:52:1052"}
{"level":"info","message":"❤️  Health check: http://localhost:5000/health","timestamp":"2026-07-22 22:10:52:1052"}
{"level":"info","message":"✅ Base de données connectée avec succès","timestamp":"2026-07-22 22:14:44:1444"}
{"level":"info","message":"✅ Base de données opérationnelle","timestamp":"2026-07-22 22:14:44:1444"}
{"level":"info","message":"🚀 Serveur démarré avec succès","timestamp":"2026-07-22 22:14:44:1444"}
{"level":"info","message":"📡 Environnement: development","timestamp":"2026-07-22 22:14:44:1444"}
{"level":"info","message":"🌐 Port: 5000","timestamp":"2026-07-22 22:14:44:1444"}
{"level":"info","message":"📚 Documentation: http://localhost:5000/api-docs","timestamp":"2026-07-22 22:14:44:1444"}
{"level":"info","message":"❤️  Health check: http://localhost:5000/health","timestamp":"2026-07-22 22:14:44:1444"}
{"level":"info","message":"✅ Base de données connectée avec succès","timestamp":"2026-07-22 22:29:24:2924"}
{"level":"info","message":"✅ Base de données opérationnelle","timestamp":"2026-07-22 22:29:25:2925"}
{"level":"info","message":"🚀 Serveur démarré avec succès","timestamp":"2026-07-22 22:29:25:2925"}
{"level":"info","message":"📡 Environnement: development","timestamp":"2026-07-22 22:29:25:2925"}
{"level":"info","message":"🌐 Port: 5000","timestamp":"2026-07-22 22:29:25:2925"}
{"level":"info","message":"📚 Documentation: http://localhost:5000/api-docs","timestamp":"2026-07-22 22:29:25:2925"}
{"level":"info","message":"❤️  Health check: http://localhost:5000/health","timestamp":"2026-07-22 22:29:25:2925"}
{"level":"info","message":"✅ Base de données connectée avec succès","timestamp":"2026-07-22 22:35:21:3521"}
{"level":"info","message":"✅ Base de données opérationnelle","timestamp":"2026-07-22 22:35:21:3521"}
{"level":"info","message":"🚀 Serveur démarré avec succès","timestamp":"2026-07-22 22:35:21:3521"}
{"level":"info","message":"📡 Environnement: development","timestamp":"2026-07-22 22:35:21:3521"}
{"level":"info","message":"🌐 Port: 5000","timestamp":"2026-07-22 22:35:21:3521"}
{"level":"info","message":"📚 Documentation: http://localhost:5000/api-docs","timestamp":"2026-07-22 22:35:21:3521"}
{"level":"info","message":"❤️  Health check: http://localhost:5000/health","timestamp":"2026-07-22 22:35:21:3521"}
{"level":"info","message":"✅ Base de données connectée avec succès","timestamp":"2026-07-22 22:59:48:5948"}
{"level":"info","message":"✅ Base de données opérationnelle","timestamp":"2026-07-22 22:59:49:5949"}
{"level":"info","message":"🚀 Serveur démarré avec succès","timestamp":"2026-07-22 22:59:49:5949"}
{"level":"info","message":"📡 Environnement: development","timestamp":"2026-07-22 22:59:49:5949"}
{"level":"info","message":"🌐 Port: 5000","timestamp":"2026-07-22 22:59:49:5949"}
{"level":"info","message":"📚 Documentation: http://localhost:5000/api-docs","timestamp":"2026-07-22 22:59:49:5949"}
{"level":"info","message":"❤️  Health check: http://localhost:5000/health","timestamp":"2026-07-22 22:59:49:5949"}
{"level":"info","message":"✅ Base de données connectée avec succès","timestamp":"2026-07-23 01:25:22:2522"}
{"level":"info","message":"✅ Base de données opérationnelle","timestamp":"2026-07-23 01:25:22:2522"}
{"level":"info","message":"🚀 Serveur démarré avec succès","timestamp":"2026-07-23 01:25:22:2522"}
{"level":"info","message":"📡 Environnement: development","timestamp":"2026-07-23 01:25:22:2522"}
{"level":"info","message":"🌐 Port: 5000","timestamp":"2026-07-23 01:25:22:2522"}
{"level":"info","message":"📚 Documentation: http://localhost:5000/api-docs","timestamp":"2026-07-23 01:25:22:2522"}
{"level":"info","message":"❤️  Health check: http://localhost:5000/health","timestamp":"2026-07-23 01:25:22:2522"}
{"level":"error","message":"Prisma Error: \nInvalid `prisma.membre.findMany()` invocation:\n\n{\n  where: {},\n  include: {\n    departement: true,\n    utilisateur: {\n    ~~~~~~~~~~~\n      select: {\n        role: true,\n        actif: true\n      }\n    },\n?   responsableDe?: true,\n?   transactions?: true,\n?   utilisateurs?: true\n  },\n  skip: 0,\n  take: 50,\n  orderBy: {\n    nom: \"asc\"\n  }\n}\n\nUnknown field `utilisateur` for include statement on model `Membre`. Available options are marked with ?.","timestamp":"2026-07-23 01:25:37:2537"}
{"level":"error","message":"❌ Erreur getMembres: \nInvalid `prisma.membre.findMany()` invocation:\n\n{\n  where: {},\n  include: {\n    departement: true,\n    utilisateur: {\n    ~~~~~~~~~~~\n      select: {\n        role: true,\n        actif: true\n      }\n    },\n?   responsableDe?: true,\n?   transactions?: true,\n?   utilisateurs?: true\n  },\n  skip: 0,\n  take: 50,\n  orderBy: {\n    nom: \"asc\"\n  }\n}\n\nUnknown field `utilisateur` for include statement on model `Membre`. Available options are marked with ?.","stack":"PrismaClientValidationError: \nInvalid `prisma.membre.findMany()` invocation:\n\n{\n  where: {},\n  include: {\n    departement: true,\n    utilisateur: {\n    ~~~~~~~~~~~\n      select: {\n        role: true,\n        actif: true\n      }\n    },\n?   responsableDe?: true,\n?   transactions?: true,\n?   utilisateurs?: true\n  },\n  skip: 0,\n  take: 50,\n  orderBy: {\n    nom: \"asc\"\n  }\n}\n\nUnknown field `utilisateur` for include statement on model `Membre`. Available options are marked with ?.\n    at wn (D:\\Web Project\\camp-de-dieu\\app\\backend-eglise\\node_modules\\@prisma\\client\\runtime\\library.js:29:1363)\n    at $n.handleRequestError (D:\\Web Project\\camp-de-dieu\\app\\backend-eglise\\node_modules\\@prisma\\client\\runtime\\library.js:121:6958)\n    at $n.handleAndLogRequestError (D:\\Web Project\\camp-de-dieu\\app\\backend-eglise\\node_modules\\@prisma\\client\\runtime\\library.js:121:6623)\n    at $n.request (D:\\Web Project\\camp-de-dieu\\app\\backend-eglise\\node_modules\\@prisma\\client\\runtime\\library.js:121:6307)\n    at async l (D:\\Web Project\\camp-de-dieu\\app\\backend-eglise\\node_modules\\@prisma\\client\\runtime\\library.js:130:9633)\n    at async Promise.all (index 0)\n    at async getMembres (file:///D:/Web%20Project/camp-de-dieu/app/backend-eglise/src/controllers/membreController.js:92:30)","timestamp":"2026-07-23 01:25:37:2537"}
{"level":"http","message":"GET /api/membres?page=1&limit=50 500 - 918ms - ::1","timestamp":"2026-07-23 01:25:37:2537"}
{"level":"http","message":"::1 - - [23/Jul/2026:00:25:37 +0000] \"GET /api/membres?page=1&limit=50 HTTP/1.1\" 500 528 \"http://localhost:3000/\" \"Mozilla/5.0 (Windows NT 10.0; Win64; x64) AppleWebKit/537.36 (KHTML, like Gecko) Chrome/150.0.0.0 Safari/537.36\"","timestamp":"2026-07-23 01:25:37:2537"}
{"level":"error","message":"Prisma Error: \nInvalid `prisma.membre.findMany()` invocation:\n\n{\n  where: {},\n  include: {\n    departement: true,\n    utilisateur: {\n    ~~~~~~~~~~~\n      select: {\n        role: true,\n        actif: true\n      }\n    },\n?   responsableDe?: true,\n?   transactions?: true,\n?   utilisateurs?: true\n  },\n  skip: 0,\n  take: 10,\n  orderBy: {\n    nom: \"asc\"\n  }\n}\n\nUnknown field `utilisateur` for include statement on model `Membre`. Available options are marked with ?.","timestamp":"2026-07-23 01:25:54:2554"}
{"level":"error","message":"❌ Erreur getMembres: \nInvalid `prisma.membre.findMany()` invocation:\n\n{\n  where: {},\n  include: {\n    departement: true,\n    utilisateur: {\n    ~~~~~~~~~~~\n      select: {\n        role: true,\n        actif: true\n      }\n    },\n?   responsableDe?: true,\n?   transactions?: true,\n?   utilisateurs?: true\n  },\n  skip: 0,\n  take: 10,\n  orderBy: {\n    nom: \"asc\"\n  }\n}\n\nUnknown field `utilisateur` for include statement on model `Membre`. Available options are marked with ?.","stack":"PrismaClientValidationError: \nInvalid `prisma.membre.findMany()` invocation:\n\n{\n  where: {},\n  include: {\n    departement: true,\n    utilisateur: {\n    ~~~~~~~~~~~\n      select: {\n        role: true,\n        actif: true\n      }\n    },\n?   responsableDe?: true,\n?   transactions?: true,\n?   utilisateurs?: true\n  },\n  skip: 0,\n  take: 10,\n  orderBy: {\n    nom: \"asc\"\n  }\n}\n\nUnknown field `utilisateur` for include statement on model `Membre`. Available options are marked with ?.\n    at wn (D:\\Web Project\\camp-de-dieu\\app\\backend-eglise\\node_modules\\@prisma\\client\\runtime\\library.js:29:1363)\n    at $n.handleRequestError (D:\\Web Project\\camp-de-dieu\\app\\backend-eglise\\node_modules\\@prisma\\client\\runtime\\library.js:121:6958)\n    at $n.handleAndLogRequestError (D:\\Web Project\\camp-de-dieu\\app\\backend-eglise\\node_modules\\@prisma\\client\\runtime\\library.js:121:6623)\n    at $n.request (D:\\Web Project\\camp-de-dieu\\app\\backend-eglise\\node_modules\\@prisma\\client\\runtime\\library.js:121:6307)\n    at async l (D:\\Web Project\\camp-de-dieu\\app\\backend-eglise\\node_modules\\@prisma\\client\\runtime\\library.js:130:9633)\n    at async Promise.all (index 0)\n    at async getMembres (file:///D:/Web%20Project/camp-de-dieu/app/backend-eglise/src/controllers/membreController.js:92:30)","timestamp":"2026-07-23 01:25:54:2554"}
{"level":"http","message":"GET /api/membres?page=1&limit=10&search=&statut= 500 - 2075ms - ::1","timestamp":"2026-07-23 01:25:54:2554"}
{"level":"http","message":"::1 - - [23/Jul/2026:00:25:54 +0000] \"GET /api/membres?page=1&limit=10&search=&statut= HTTP/1.1\" 500 528 \"http://localhost:3000/\" \"Mozilla/5.0 (Windows NT 10.0; Win64; x64) AppleWebKit/537.36 (KHTML, like Gecko) Chrome/150.0.0.0 Safari/537.36\"","timestamp":"2026-07-23 01:25:54:2554"}
{"level":"error","message":"Prisma Error: \nInvalid `prisma.membre.findMany()` invocation:\n\n{\n  where: {},\n  include: {\n    departement: true,\n    utilisateur: {\n    ~~~~~~~~~~~\n      select: {\n        role: true,\n        actif: true\n      }\n    },\n?   responsableDe?: true,\n?   transactions?: true,\n?   utilisateurs?: true\n  },\n  skip: 0,\n  take: 50,\n  orderBy: {\n    nom: \"asc\"\n  }\n}\n\nUnknown field `utilisateur` for include statement on model `Membre`. Available options are marked with ?.","timestamp":"2026-07-23 01:25:54:2554"}
{"level":"error","message":"❌ Erreur getMembres: \nInvalid `prisma.membre.findMany()` invocation:\n\n{\n  where: {},\n  include: {\n    departement: true,\n    utilisateur: {\n    ~~~~~~~~~~~\n      select: {\n        role: true,\n        actif: true\n      }\n    },\n?   responsableDe?: true,\n?   transactions?: true,\n?   utilisateurs?: true\n  },\n  skip: 0,\n  take: 50,\n  orderBy: {\n    nom: \"asc\"\n  }\n}\n\nUnknown field `utilisateur` for include statement on model `Membre`. Available options are marked with ?.","stack":"PrismaClientValidationError: \nInvalid `prisma.membre.findMany()` invocation:\n\n{\n  where: {},\n  include: {\n    departement: true,\n    utilisateur: {\n    ~~~~~~~~~~~\n      select: {\n        role: true,\n        actif: true\n      }\n    },\n?   responsableDe?: true,\n?   transactions?: true,\n?   utilisateurs?: true\n  },\n  skip: 0,\n  take: 50,\n  orderBy: {\n    nom: \"asc\"\n  }\n}\n\nUnknown field `utilisateur` for include statement on model `Membre`. Available options are marked with ?.\n    at wn (D:\\Web Project\\camp-de-dieu\\app\\backend-eglise\\node_modules\\@prisma\\client\\runtime\\library.js:29:1363)\n    at $n.handleRequestError (D:\\Web Project\\camp-de-dieu\\app\\backend-eglise\\node_modules\\@prisma\\client\\runtime\\library.js:121:6958)\n    at $n.handleAndLogRequestError (D:\\Web Project\\camp-de-dieu\\app\\backend-eglise\\node_modules\\@prisma\\client\\runtime\\library.js:121:6623)\n    at $n.request (D:\\Web Project\\camp-de-dieu\\app\\backend-eglise\\node_modules\\@prisma\\client\\runtime\\library.js:121:6307)\n    at async l (D:\\Web Project\\camp-de-dieu\\app\\backend-eglise\\node_modules\\@prisma\\client\\runtime\\library.js:130:9633)\n    at async Promise.all (index 0)\n    at async getMembres (file:///D:/Web%20Project/camp-de-dieu/app/backend-eglise/src/controllers/membreController.js:92:30)","timestamp":"2026-07-23 01:25:54:2554"}
{"level":"http","message":"GET /api/membres?page=1&limit=50 500 - 2478ms - ::1","timestamp":"2026-07-23 01:25:54:2554"}
{"level":"http","message":"::1 - - [23/Jul/2026:00:25:54 +0000] \"GET /api/membres?page=1&limit=50 HTTP/1.1\" 500 528 \"http://localhost:3000/\" \"Mozilla/5.0 (Windows NT 10.0; Win64; x64) AppleWebKit/537.36 (KHTML, like Gecko) Chrome/150.0.0.0 Safari/537.36\"","timestamp":"2026-07-23 01:25:54:2554"}
{"level":"error","message":"Prisma Error: \nInvalid `prisma.membre.findMany()` invocation:\n\n{\n  where: {},\n  include: {\n    departement: true,\n    utilisateur: {\n    ~~~~~~~~~~~\n      select: {\n        role: true,\n        actif: true\n      }\n    },\n?   responsableDe?: true,\n?   transactions?: true,\n?   utilisateurs?: true\n  },\n  skip: 0,\n  take: 10,\n  orderBy: {\n    nom: \"asc\"\n  }\n}\n\nUnknown field `utilisateur` for include statement on model `Membre`. Available options are marked with ?.","timestamp":"2026-07-23 01:25:55:2555"}
{"level":"error","message":"❌ Erreur getMembres: \nInvalid `prisma.membre.findMany()` invocation:\n\n{\n  where: {},\n  include: {\n    departement: true,\n    utilisateur: {\n    ~~~~~~~~~~~\n      select: {\n        role: true,\n        actif: true\n      }\n    },\n?   responsableDe?: true,\n?   transactions?: true,\n?   utilisateurs?: true\n  },\n  skip: 0,\n  take: 10,\n  orderBy: {\n    nom: \"asc\"\n  }\n}\n\nUnknown field `utilisateur` for include statement on model `Membre`. Available options are marked with ?.","stack":"PrismaClientValidationError: \nInvalid `prisma.membre.findMany()` invocation:\n\n{\n  where: {},\n  include: {\n    departement: true,\n    utilisateur: {\n    ~~~~~~~~~~~\n      select: {\n        role: true,\n        actif: true\n      }\n    },\n?   responsableDe?: true,\n?   transactions?: true,\n?   utilisateurs?: true\n  },\n  skip: 0,\n  take: 10,\n  orderBy: {\n    nom: \"asc\"\n  }\n}\n\nUnknown field `utilisateur` for include statement on model `Membre`. Available options are marked with ?.\n    at wn (D:\\Web Project\\camp-de-dieu\\app\\backend-eglise\\node_modules\\@prisma\\client\\runtime\\library.js:29:1363)\n    at $n.handleRequestError (D:\\Web Project\\camp-de-dieu\\app\\backend-eglise\\node_modules\\@prisma\\client\\runtime\\library.js:121:6958)\n    at $n.handleAndLogRequestError (D:\\Web Project\\camp-de-dieu\\app\\backend-eglise\\node_modules\\@prisma\\client\\runtime\\library.js:121:6623)\n    at $n.request (D:\\Web Project\\camp-de-dieu\\app\\backend-eglise\\node_modules\\@prisma\\client\\runtime\\library.js:121:6307)\n    at async l (D:\\Web Project\\camp-de-dieu\\app\\backend-eglise\\node_modules\\@prisma\\client\\runtime\\library.js:130:9633)\n    at async Promise.all (index 0)\n    at async getMembres (file:///D:/Web%20Project/camp-de-dieu/app/backend-eglise/src/controllers/membreController.js:92:30)","timestamp":"2026-07-23 01:25:55:2555"}
{"level":"http","message":"GET /api/membres?page=1&limit=10&search=&statut= 500 - 971ms - ::1","timestamp":"2026-07-23 01:25:55:2555"}
{"level":"http","message":"::1 - - [23/Jul/2026:00:25:55 +0000] \"GET /api/membres?page=1&limit=10&search=&statut= HTTP/1.1\" 500 528 \"http://localhost:3000/\" \"Mozilla/5.0 (Windows NT 10.0; Win64; x64) AppleWebKit/537.36 (KHTML, like Gecko) Chrome/150.0.0.0 Safari/537.36\"","timestamp":"2026-07-23 01:25:55:2555"}
{"level":"error","message":"Prisma Error: \nInvalid `prisma.membre.findMany()` invocation:\n\n{\n  where: {},\n  include: {\n    departement: true,\n    utilisateur: {\n    ~~~~~~~~~~~\n      select: {\n        role: true,\n        actif: true\n      }\n    },\n?   responsableDe?: true,\n?   transactions?: true,\n?   utilisateurs?: true\n  },\n  skip: 0,\n  take: 50,\n  orderBy: {\n    nom: \"asc\"\n  }\n}\n\nUnknown field `utilisateur` for include statement on model `Membre`. Available options are marked with ?.","timestamp":"2026-07-23 01:25:55:2555"}
{"level":"error","message":"❌ Erreur getMembres: \nInvalid `prisma.membre.findMany()` invocation:\n\n{\n  where: {},\n  include: {\n    departement: true,\n    utilisateur: {\n    ~~~~~~~~~~~\n      select: {\n        role: true,\n        actif: true\n      }\n    },\n?   responsableDe?: true,\n?   transactions?: true,\n?   utilisateurs?: true\n  },\n  skip: 0,\n  take: 50,\n  orderBy: {\n    nom: \"asc\"\n  }\n}\n\nUnknown field `utilisateur` for include statement on model `Membre`. Available options are marked with ?.","stack":"PrismaClientValidationError: \nInvalid `prisma.membre.findMany()` invocation:\n\n{\n  where: {},\n  include: {\n    departement: true,\n    utilisateur: {\n    ~~~~~~~~~~~\n      select: {\n        role: true,\n        actif: true\n      }\n    },\n?   responsableDe?: true,\n?   transactions?: true,\n?   utilisateurs?: true\n  },\n  skip: 0,\n  take: 50,\n  orderBy: {\n    nom: \"asc\"\n  }\n}\n\nUnknown field `utilisateur` for include statement on model `Membre`. Available options are marked with ?.\n    at wn (D:\\Web Project\\camp-de-dieu\\app\\backend-eglise\\node_modules\\@prisma\\client\\runtime\\library.js:29:1363)\n    at $n.handleRequestError (D:\\Web Project\\camp-de-dieu\\app\\backend-eglise\\node_modules\\@prisma\\client\\runtime\\library.js:121:6958)\n    at $n.handleAndLogRequestError (D:\\Web Project\\camp-de-dieu\\app\\backend-eglise\\node_modules\\@prisma\\client\\runtime\\library.js:121:6623)\n    at $n.request (D:\\Web Project\\camp-de-dieu\\app\\backend-eglise\\node_modules\\@prisma\\client\\runtime\\library.js:121:6307)\n    at async l (D:\\Web Project\\camp-de-dieu\\app\\backend-eglise\\node_modules\\@prisma\\client\\runtime\\library.js:130:9633)\n    at async Promise.all (index 0)\n    at async getMembres (file:///D:/Web%20Project/camp-de-dieu/app/backend-eglise/src/controllers/membreController.js:92:30)","timestamp":"2026-07-23 01:25:55:2555"}
{"level":"http","message":"GET /api/membres?page=1&limit=50 500 - 1461ms - ::1","timestamp":"2026-07-23 01:25:56:2556"}
{"level":"http","message":"::1 - - [23/Jul/2026:00:25:56 +0000] \"GET /api/membres?page=1&limit=50 HTTP/1.1\" 500 528 \"http://localhost:3000/\" \"Mozilla/5.0 (Windows NT 10.0; Win64; x64) AppleWebKit/537.36 (KHTML, like Gecko) Chrome/150.0.0.0 Safari/537.36\"","timestamp":"2026-07-23 01:25:56:2556"}
{"level":"http","message":"GET /api/transactions?page=1&limit=50 304 - 1549ms - ::1","timestamp":"2026-07-23 01:26:11:2611"}
{"level":"http","message":"::1 - - [23/Jul/2026:00:26:11 +0000] \"GET /api/transactions?page=1&limit=50 HTTP/1.1\" 304 - \"http://localhost:3000/\" \"Mozilla/5.0 (Windows NT 10.0; Win64; x64) AppleWebKit/537.36 (KHTML, like Gecko) Chrome/150.0.0.0 Safari/537.36\"","timestamp":"2026-07-23 01:26:11:2611"}
{"level":"http","message":"GET /api/transactions?page=1&limit=50&dateDebut=2026-06-30&dateFin=2026-07-23 200 - 1027ms - ::1","timestamp":"2026-07-23 01:26:11:2611"}
{"level":"http","message":"::1 - - [23/Jul/2026:00:26:11 +0000] \"GET /api/transactions?page=1&limit=50&dateDebut=2026-06-30&dateFin=2026-07-23 HTTP/1.1\" 200 81 \"http://localhost:3000/\" \"Mozilla/5.0 (Windows NT 10.0; Win64; x64) AppleWebKit/537.36 (KHTML, like Gecko) Chrome/150.0.0.0 Safari/537.36\"","timestamp":"2026-07-23 01:26:11:2611"}
{"level":"http","message":"GET /api/transactions?page=1&limit=50 304 - 862ms - ::1","timestamp":"2026-07-23 01:26:12:2612"}
{"level":"http","message":"::1 - - [23/Jul/2026:00:26:12 +0000] \"GET /api/transactions?page=1&limit=50 HTTP/1.1\" 304 - \"http://localhost:3000/\" \"Mozilla/5.0 (Windows NT 10.0; Win64; x64) AppleWebKit/537.36 (KHTML, like Gecko) Chrome/150.0.0.0 Safari/537.36\"","timestamp":"2026-07-23 01:26:12:2612"}
{"level":"http","message":"GET /api/transactions?page=1&limit=50&dateDebut=2026-06-30&dateFin=2026-07-23 304 - 1062ms - ::1","timestamp":"2026-07-23 01:26:12:2612"}
{"level":"http","message":"::1 - - [23/Jul/2026:00:26:12 +0000] \"GET /api/transactions?page=1&limit=50&dateDebut=2026-06-30&dateFin=2026-07-23 HTTP/1.1\" 304 - \"http://localhost:3000/\" \"Mozilla/5.0 (Windows NT 10.0; Win64; x64) AppleWebKit/537.36 (KHTML, like Gecko) Chrome/150.0.0.0 Safari/537.36\"","timestamp":"2026-07-23 01:26:12:2612"}
{"level":"http","message":"GET /api/transactions/report/summary?dateDebut=2026-06-30&dateFin=2026-07-23 200 - 3629ms - ::1","timestamp":"2026-07-23 01:26:14:2614"}
{"level":"http","message":"::1 - - [23/Jul/2026:00:26:14 +0000] \"GET /api/transactions/report/summary?dateDebut=2026-06-30&dateFin=2026-07-23 HTTP/1.1\" 200 585 \"http://localhost:3000/\" \"Mozilla/5.0 (Windows NT 10.0; Win64; x64) AppleWebKit/537.36 (KHTML, like Gecko) Chrome/150.0.0.0 Safari/537.36\"","timestamp":"2026-07-23 01:26:14:2614"}
{"level":"http","message":"GET /api/transactions/report/summary?dateDebut=2026-06-30&dateFin=2026-07-23 304 - 814ms - ::1","timestamp":"2026-07-23 01:26:15:2615"}
{"level":"http","message":"::1 - - [23/Jul/2026:00:26:15 +0000] \"GET /api/transactions/report/summary?dateDebut=2026-06-30&dateFin=2026-07-23 HTTP/1.1\" 304 - \"http://localhost:3000/\" \"Mozilla/5.0 (Windows NT 10.0; Win64; x64) AppleWebKit/537.36 (KHTML, like Gecko) Chrome/150.0.0.0 Safari/537.36\"","timestamp":"2026-07-23 01:26:15:2615"}
{"level":"http","message":"GET /api/transactions?page=1&limit=50 304 - 1351ms - ::1","timestamp":"2026-07-23 01:30:46:3046"}
{"level":"http","message":"::1 - - [23/Jul/2026:00:30:46 +0000] \"GET /api/transactions?page=1&limit=50 HTTP/1.1\" 304 - \"http://localhost:3000/\" \"Mozilla/5.0 (Windows NT 10.0; Win64; x64) AppleWebKit/537.36 (KHTML, like Gecko) Chrome/150.0.0.0 Safari/537.36\"","timestamp":"2026-07-23 01:30:46:3046"}
{"level":"http","message":"GET /api/transactions?page=1&limit=50 304 - 647ms - ::1","timestamp":"2026-07-23 01:30:47:3047"}
{"level":"http","message":"::1 - - [23/Jul/2026:00:30:47 +0000] \"GET /api/transactions?page=1&limit=50 HTTP/1.1\" 304 - \"http://localhost:3000/\" \"Mozilla/5.0 (Windows NT 10.0; Win64; x64) AppleWebKit/537.36 (KHTML, like Gecko) Chrome/150.0.0.0 Safari/537.36\"","timestamp":"2026-07-23 01:30:47:3047"}
{"level":"error","message":"Prisma Error: \nInvalid `prisma.membre.findMany()` invocation:\n\n{\n  where: {},\n  include: {\n    departement: true,\n    utilisateur: {\n    ~~~~~~~~~~~\n      select: {\n        role: true,\n        actif: true\n      }\n    },\n?   responsableDe?: true,\n?   transactions?: true,\n?   utilisateurs?: true\n  },\n  skip: 0,\n  take: 100,\n  orderBy: {\n    nom: \"asc\"\n  }\n}\n\nUnknown field `utilisateur` for include statement on model `Membre`. Available options are marked with ?.","timestamp":"2026-07-23 01:30:48:3048"}
{"level":"error","message":"❌ Erreur getMembres: \nInvalid `prisma.membre.findMany()` invocation:\n\n{\n  where: {},\n  include: {\n    departement: true,\n    utilisateur: {\n    ~~~~~~~~~~~\n      select: {\n        role: true,\n        actif: true\n      }\n    },\n?   responsableDe?: true,\n?   transactions?: true,\n?   utilisateurs?: true\n  },\n  skip: 0,\n  take: 100,\n  orderBy: {\n    nom: \"asc\"\n  }\n}\n\nUnknown field `utilisateur` for include statement on model `Membre`. Available options are marked with ?.","stack":"PrismaClientValidationError: \nInvalid `prisma.membre.findMany()` invocation:\n\n{\n  where: {},\n  include: {\n    departement: true,\n    utilisateur: {\n    ~~~~~~~~~~~\n      select: {\n        role: true,\n        actif: true\n      }\n    },\n?   responsableDe?: true,\n?   transactions?: true,\n?   utilisateurs?: true\n  },\n  skip: 0,\n  take: 100,\n  orderBy: {\n    nom: \"asc\"\n  }\n}\n\nUnknown field `utilisateur` for include statement on model `Membre`. Available options are marked with ?.\n    at wn (D:\\Web Project\\camp-de-dieu\\app\\backend-eglise\\node_modules\\@prisma\\client\\runtime\\library.js:29:1363)\n    at $n.handleRequestError (D:\\Web Project\\camp-de-dieu\\app\\backend-eglise\\node_modules\\@prisma\\client\\runtime\\library.js:121:6958)\n    at $n.handleAndLogRequestError (D:\\Web Project\\camp-de-dieu\\app\\backend-eglise\\node_modules\\@prisma\\client\\runtime\\library.js:121:6623)\n    at $n.request (D:\\Web Project\\camp-de-dieu\\app\\backend-eglise\\node_modules\\@prisma\\client\\runtime\\library.js:121:6307)\n    at async l (D:\\Web Project\\camp-de-dieu\\app\\backend-eglise\\node_modules\\@prisma\\client\\runtime\\library.js:130:9633)\n    at async Promise.all (index 0)\n    at async getMembres (file:///D:/Web%20Project/camp-de-dieu/app/backend-eglise/src/controllers/membreController.js:92:30)","timestamp":"2026-07-23 01:30:48:3048"}
{"level":"http","message":"GET /api/membres?page=1&limit=100 500 - 2153ms - ::1","timestamp":"2026-07-23 01:30:48:3048"}
{"level":"http","message":"::1 - - [23/Jul/2026:00:30:48 +0000] \"GET /api/membres?page=1&limit=100 HTTP/1.1\" 500 529 \"http://localhost:3000/\" \"Mozilla/5.0 (Windows NT 10.0; Win64; x64) AppleWebKit/537.36 (KHTML, like Gecko) Chrome/150.0.0.0 Safari/537.36\"","timestamp":"2026-07-23 01:30:48:3048"}
{"level":"error","message":"Prisma Error: \nInvalid `prisma.membre.findMany()` invocation:\n\n{\n  where: {},\n  include: {\n    departement: true,\n    utilisateur: {\n    ~~~~~~~~~~~\n      select: {\n        role: true,\n        actif: true\n      }\n    },\n?   responsableDe?: true,\n?   transactions?: true,\n?   utilisateurs?: true\n  },\n  skip: 0,\n  take: 100,\n  orderBy: {\n    nom: \"asc\"\n  }\n}\n\nUnknown field `utilisateur` for include statement on model `Membre`. Available options are marked with ?.","timestamp":"2026-07-23 01:30:48:3048"}
{"level":"error","message":"❌ Erreur getMembres: \nInvalid `prisma.membre.findMany()` invocation:\n\n{\n  where: {},\n  include: {\n    departement: true,\n    utilisateur: {\n    ~~~~~~~~~~~\n      select: {\n        role: true,\n        actif: true\n      }\n    },\n?   responsableDe?: true,\n?   transactions?: true,\n?   utilisateurs?: true\n  },\n  skip: 0,\n  take: 100,\n  orderBy: {\n    nom: \"asc\"\n  }\n}\n\nUnknown field `utilisateur` for include statement on model `Membre`. Available options are marked with ?.","stack":"PrismaClientValidationError: \nInvalid `prisma.membre.findMany()` invocation:\n\n{\n  where: {},\n  include: {\n    departement: true,\n    utilisateur: {\n    ~~~~~~~~~~~\n      select: {\n        role: true,\n        actif: true\n      }\n    },\n?   responsableDe?: true,\n?   transactions?: true,\n?   utilisateurs?: true\n  },\n  skip: 0,\n  take: 100,\n  orderBy: {\n    nom: \"asc\"\n  }\n}\n\nUnknown field `utilisateur` for include statement on model `Membre`. Available options are marked with ?.\n    at wn (D:\\Web Project\\camp-de-dieu\\app\\backend-eglise\\node_modules\\@prisma\\client\\runtime\\library.js:29:1363)\n    at $n.handleRequestError (D:\\Web Project\\camp-de-dieu\\app\\backend-eglise\\node_modules\\@prisma\\client\\runtime\\library.js:121:6958)\n    at $n.handleAndLogRequestError (D:\\Web Project\\camp-de-dieu\\app\\backend-eglise\\node_modules\\@prisma\\client\\runtime\\library.js:121:6623)\n    at $n.request (D:\\Web Project\\camp-de-dieu\\app\\backend-eglise\\node_modules\\@prisma\\client\\runtime\\library.js:121:6307)\n    at async l (D:\\Web Project\\camp-de-dieu\\app\\backend-eglise\\node_modules\\@prisma\\client\\runtime\\library.js:130:9633)\n    at async Promise.all (index 0)\n    at async getMembres (file:///D:/Web%20Project/camp-de-dieu/app/backend-eglise/src/controllers/membreController.js:92:30)","timestamp":"2026-07-23 01:30:48:3048"}
{"level":"http","message":"GET /api/membres?page=1&limit=100 500 - 218ms - ::1","timestamp":"2026-07-23 01:30:48:3048"}
{"level":"http","message":"::1 - - [23/Jul/2026:00:30:48 +0000] \"GET /api/membres?page=1&limit=100 HTTP/1.1\" 500 529 \"http://localhost:3000/\" \"Mozilla/5.0 (Windows NT 10.0; Win64; x64) AppleWebKit/537.36 (KHTML, like Gecko) Chrome/150.0.0.0 Safari/537.36\"","timestamp":"2026-07-23 01:30:48:3048"}
{"level":"http","message":"GET /api/categories 200 - 2455ms - ::1","timestamp":"2026-07-23 01:30:48:3048"}
{"level":"http","message":"::1 - - [23/Jul/2026:00:30:48 +0000] \"GET /api/categories HTTP/1.1\" 200 26 \"http://localhost:3000/\" \"Mozilla/5.0 (Windows NT 10.0; Win64; x64) AppleWebKit/537.36 (KHTML, like Gecko) Chrome/150.0.0.0 Safari/537.36\"","timestamp":"2026-07-23 01:30:48:3048"}
{"level":"http","message":"GET /api/categories 304 - 648ms - ::1","timestamp":"2026-07-23 01:30:49:3049"}
{"level":"http","message":"::1 - - [23/Jul/2026:00:30:49 +0000] \"GET /api/categories HTTP/1.1\" 304 - \"http://localhost:3000/\" \"Mozilla/5.0 (Windows NT 10.0; Win64; x64) AppleWebKit/537.36 (KHTML, like Gecko) Chrome/150.0.0.0 Safari/537.36\"","timestamp":"2026-07-23 01:30:49:3049"}
{"level":"error","message":"Prisma Error: \nInvalid `prisma.membre.findMany()` invocation:\n\n{\n  where: {},\n  include: {\n    departement: true,\n    utilisateur: {\n    ~~~~~~~~~~~\n      select: {\n        role: true,\n        actif: true\n      }\n    },\n?   responsableDe?: true,\n?   transactions?: true,\n?   utilisateurs?: true\n  },\n  skip: 0,\n  take: 100,\n  orderBy: {\n    nom: \"asc\"\n  }\n}\n\nUnknown field `utilisateur` for include statement on model `Membre`. Available options are marked with ?.","timestamp":"2026-07-23 01:42:57:4257"}
{"level":"error","message":"❌ Erreur getMembres: \nInvalid `prisma.membre.findMany()` invocation:\n\n{\n  where: {},\n  include: {\n    departement: true,\n    utilisateur: {\n    ~~~~~~~~~~~\n      select: {\n        role: true,\n        actif: true\n      }\n    },\n?   responsableDe?: true,\n?   transactions?: true,\n?   utilisateurs?: true\n  },\n  skip: 0,\n  take: 100,\n  orderBy: {\n    nom: \"asc\"\n  }\n}\n\nUnknown field `utilisateur` for include statement on model `Membre`. Available options are marked with ?.","stack":"PrismaClientValidationError: \nInvalid `prisma.membre.findMany()` invocation:\n\n{\n  where: {},\n  include: {\n    departement: true,\n    utilisateur: {\n    ~~~~~~~~~~~\n      select: {\n        role: true,\n        actif: true\n      }\n    },\n?   responsableDe?: true,\n?   transactions?: true,\n?   utilisateurs?: true\n  },\n  skip: 0,\n  take: 100,\n  orderBy: {\n    nom: \"asc\"\n  }\n}\n\nUnknown field `utilisateur` for include statement on model `Membre`. Available options are marked with ?.\n    at wn (D:\\Web Project\\camp-de-dieu\\app\\backend-eglise\\node_modules\\@prisma\\client\\runtime\\library.js:29:1363)\n    at $n.handleRequestError (D:\\Web Project\\camp-de-dieu\\app\\backend-eglise\\node_modules\\@prisma\\client\\runtime\\library.js:121:6958)\n    at $n.handleAndLogRequestError (D:\\Web Project\\camp-de-dieu\\app\\backend-eglise\\node_modules\\@prisma\\client\\runtime\\library.js:121:6623)\n    at $n.request (D:\\Web Project\\camp-de-dieu\\app\\backend-eglise\\node_modules\\@prisma\\client\\runtime\\library.js:121:6307)\n    at async l (D:\\Web Project\\camp-de-dieu\\app\\backend-eglise\\node_modules\\@prisma\\client\\runtime\\library.js:130:9633)\n    at async Promise.all (index 0)\n    at async getMembres (file:///D:/Web%20Project/camp-de-dieu/app/backend-eglise/src/controllers/membreController.js:92:30)","timestamp":"2026-07-23 01:42:57:4257"}
{"level":"http","message":"GET /api/membres?page=1&limit=100 500 - 2781ms - ::1","timestamp":"2026-07-23 01:42:57:4257"}
{"level":"http","message":"::1 - - [23/Jul/2026:00:42:57 +0000] \"GET /api/membres?page=1&limit=100 HTTP/1.1\" 500 529 \"http://localhost:3000/\" \"Mozilla/5.0 (Windows NT 10.0; Win64; x64) AppleWebKit/537.36 (KHTML, like Gecko) Chrome/150.0.0.0 Safari/537.36\"","timestamp":"2026-07-23 01:42:57:4257"}
{"level":"http","message":"GET /api/categories 200 - 3441ms - ::1","timestamp":"2026-07-23 01:42:58:4258"}
{"level":"http","message":"::1 - - [23/Jul/2026:00:42:58 +0000] \"GET /api/categories HTTP/1.1\" 200 936 \"http://localhost:3000/\" \"Mozilla/5.0 (Windows NT 10.0; Win64; x64) AppleWebKit/537.36 (KHTML, like Gecko) Chrome/150.0.0.0 Safari/537.36\"","timestamp":"2026-07-23 01:42:58:4258"}
{"level":"http","message":"GET /api/categories 304 - 793ms - ::1","timestamp":"2026-07-23 01:42:58:4258"}
{"level":"http","message":"::1 - - [23/Jul/2026:00:42:58 +0000] \"GET /api/categories HTTP/1.1\" 304 - \"http://localhost:3000/\" \"Mozilla/5.0 (Windows NT 10.0; Win64; x64) AppleWebKit/537.36 (KHTML, like Gecko) Chrome/150.0.0.0 Safari/537.36\"","timestamp":"2026-07-23 01:42:58:4258"}
{"level":"error","message":"Prisma Error: \nInvalid `prisma.membre.findMany()` invocation:\n\n{\n  where: {},\n  include: {\n    departement: true,\n    utilisateur: {\n    ~~~~~~~~~~~\n      select: {\n        role: true,\n        actif: true\n      }\n    },\n?   responsableDe?: true,\n?   transactions?: true,\n?   utilisateurs?: true\n  },\n  skip: 0,\n  take: 100,\n  orderBy: {\n    nom: \"asc\"\n  }\n}\n\nUnknown field `utilisateur` for include statement on model `Membre`. Available options are marked with ?.","timestamp":"2026-07-23 01:42:59:4259"}
{"level":"error","message":"❌ Erreur getMembres: \nInvalid `prisma.membre.findMany()` invocation:\n\n{\n  where: {},\n  include: {\n    departement: true,\n    utilisateur: {\n    ~~~~~~~~~~~\n      select: {\n        role: true,\n        actif: true\n      }\n    },\n?   responsableDe?: true,\n?   transactions?: true,\n?   utilisateurs?: true\n  },\n  skip: 0,\n  take: 100,\n  orderBy: {\n    nom: \"asc\"\n  }\n}\n\nUnknown field `utilisateur` for include statement on model `Membre`. Available options are marked with ?.","stack":"PrismaClientValidationError: \nInvalid `prisma.membre.findMany()` invocation:\n\n{\n  where: {},\n  include: {\n    departement: true,\n    utilisateur: {\n    ~~~~~~~~~~~\n      select: {\n        role: true,\n        actif: true\n      }\n    },\n?   responsableDe?: true,\n?   transactions?: true,\n?   utilisateurs?: true\n  },\n  skip: 0,\n  take: 100,\n  orderBy: {\n    nom: \"asc\"\n  }\n}\n\nUnknown field `utilisateur` for include statement on model `Membre`. Available options are marked with ?.\n    at wn (D:\\Web Project\\camp-de-dieu\\app\\backend-eglise\\node_modules\\@prisma\\client\\runtime\\library.js:29:1363)\n    at $n.handleRequestError (D:\\Web Project\\camp-de-dieu\\app\\backend-eglise\\node_modules\\@prisma\\client\\runtime\\library.js:121:6958)\n    at $n.handleAndLogRequestError (D:\\Web Project\\camp-de-dieu\\app\\backend-eglise\\node_modules\\@prisma\\client\\runtime\\library.js:121:6623)\n    at $n.request (D:\\Web Project\\camp-de-dieu\\app\\backend-eglise\\node_modules\\@prisma\\client\\runtime\\library.js:121:6307)\n    at async l (D:\\Web Project\\camp-de-dieu\\app\\backend-eglise\\node_modules\\@prisma\\client\\runtime\\library.js:130:9633)\n    at async Promise.all (index 0)\n    at async getMembres (file:///D:/Web%20Project/camp-de-dieu/app/backend-eglise/src/controllers/membreController.js:92:30)","timestamp":"2026-07-23 01:43:00:430"}
{"level":"http","message":"GET /api/membres?page=1&limit=100 500 - 2245ms - ::1","timestamp":"2026-07-23 01:43:00:430"}
{"level":"http","message":"::1 - - [23/Jul/2026:00:43:00 +0000] \"GET /api/membres?page=1&limit=100 HTTP/1.1\" 500 529 \"http://localhost:3000/\" \"Mozilla/5.0 (Windows NT 10.0; Win64; x64) AppleWebKit/537.36 (KHTML, like Gecko) Chrome/150.0.0.0 Safari/537.36\"","timestamp":"2026-07-23 01:43:00:430"}
{"level":"http","message":"GET /api/transactions?page=1&limit=50 200 - 6338ms - ::1","timestamp":"2026-07-23 01:43:01:431"}
{"level":"http","message":"::1 - - [23/Jul/2026:00:43:01 +0000] \"GET /api/transactions?page=1&limit=50 HTTP/1.1\" 200 - \"http://localhost:3000/\" \"Mozilla/5.0 (Windows NT 10.0; Win64; x64) AppleWebKit/537.36 (KHTML, like Gecko) Chrome/150.0.0.0 Safari/537.36\"","timestamp":"2026-07-23 01:43:01:431"}
{"level":"http","message":"GET /api/transactions?page=1&limit=50 304 - 1834ms - ::1","timestamp":"2026-07-23 01:43:03:433"}
{"level":"http","message":"::1 - - [23/Jul/2026:00:43:03 +0000] \"GET /api/transactions?page=1&limit=50 HTTP/1.1\" 304 - \"http://localhost:3000/\" \"Mozilla/5.0 (Windows NT 10.0; Win64; x64) AppleWebKit/537.36 (KHTML, like Gecko) Chrome/150.0.0.0 Safari/537.36\"","timestamp":"2026-07-23 01:43:03:433"}
{"level":"error","message":"Prisma Error: \nInvalid `prisma.membre.findMany()` invocation:\n\n{\n  where: {},\n  include: {\n    departement: true,\n    utilisateur: {\n    ~~~~~~~~~~~\n      select: {\n        role: true,\n        actif: true\n      }\n    },\n?   responsableDe?: true,\n?   transactions?: true,\n?   utilisateurs?: true\n  },\n  skip: 0,\n  take: 10,\n  orderBy: {\n    nom: \"asc\"\n  }\n}\n\nUnknown field `utilisateur` for include statement on model `Membre`. Available options are marked with ?.","timestamp":"2026-07-23 01:44:12:4412"}
{"level":"error","message":"❌ Erreur getMembres: \nInvalid `prisma.membre.findMany()` invocation:\n\n{\n  where: {},\n  include: {\n    departement: true,\n    utilisateur: {\n    ~~~~~~~~~~~\n      select: {\n        role: true,\n        actif: true\n      }\n    },\n?   responsableDe?: true,\n?   transactions?: true,\n?   utilisateurs?: true\n  },\n  skip: 0,\n  take: 10,\n  orderBy: {\n    nom: \"asc\"\n  }\n}\n\nUnknown field `utilisateur` for include statement on model `Membre`. Available options are marked with ?.","stack":"PrismaClientValidationError: \nInvalid `prisma.membre.findMany()` invocation:\n\n{\n  where: {},\n  include: {\n    departement: true,\n    utilisateur: {\n    ~~~~~~~~~~~\n      select: {\n        role: true,\n        actif: true\n      }\n    },\n?   responsableDe?: true,\n?   transactions?: true,\n?   utilisateurs?: true\n  },\n  skip: 0,\n  take: 10,\n  orderBy: {\n    nom: \"asc\"\n  }\n}\n\nUnknown field `utilisateur` for include statement on model `Membre`. Available options are marked with ?.\n    at wn (D:\\Web Project\\camp-de-dieu\\app\\backend-eglise\\node_modules\\@prisma\\client\\runtime\\library.js:29:1363)\n    at $n.handleRequestError (D:\\Web Project\\camp-de-dieu\\app\\backend-eglise\\node_modules\\@prisma\\client\\runtime\\library.js:121:6958)\n    at $n.handleAndLogRequestError (D:\\Web Project\\camp-de-dieu\\app\\backend-eglise\\node_modules\\@prisma\\client\\runtime\\library.js:121:6623)\n    at $n.request (D:\\Web Project\\camp-de-dieu\\app\\backend-eglise\\node_modules\\@prisma\\client\\runtime\\library.js:121:6307)\n    at async l (D:\\Web Project\\camp-de-dieu\\app\\backend-eglise\\node_modules\\@prisma\\client\\runtime\\library.js:130:9633)\n    at async Promise.all (index 0)\n    at async getMembres (file:///D:/Web%20Project/camp-de-dieu/app/backend-eglise/src/controllers/membreController.js:92:30)","timestamp":"2026-07-23 01:44:12:4412"}
{"level":"http","message":"GET /api/membres?page=1&limit=10&search=&statut= 500 - 1250ms - ::1","timestamp":"2026-07-23 01:44:12:4412"}
{"level":"http","message":"::1 - - [23/Jul/2026:00:44:12 +0000] \"GET /api/membres?page=1&limit=10&search=&statut= HTTP/1.1\" 500 528 \"http://localhost:3000/\" \"Mozilla/5.0 (Windows NT 10.0; Win64; x64) AppleWebKit/537.36 (KHTML, like Gecko) Chrome/150.0.0.0 Safari/537.36\"","timestamp":"2026-07-23 01:44:12:4412"}
{"level":"error","message":"Prisma Error: \nInvalid `prisma.membre.findMany()` invocation:\n\n{\n  where: {},\n  include: {\n    departement: true,\n    utilisateur: {\n    ~~~~~~~~~~~\n      select: {\n        role: true,\n        actif: true\n      }\n    },\n?   responsableDe?: true,\n?   transactions?: true,\n?   utilisateurs?: true\n  },\n  skip: 0,\n  take: 50,\n  orderBy: {\n    nom: \"asc\"\n  }\n}\n\nUnknown field `utilisateur` for include statement on model `Membre`. Available options are marked with ?.","timestamp":"2026-07-23 01:44:13:4413"}
{"level":"error","message":"❌ Erreur getMembres: \nInvalid `prisma.membre.findMany()` invocation:\n\n{\n  where: {},\n  include: {\n    departement: true,\n    utilisateur: {\n    ~~~~~~~~~~~\n      select: {\n        role: true,\n        actif: true\n      }\n    },\n?   responsableDe?: true,\n?   transactions?: true,\n?   utilisateurs?: true\n  },\n  skip: 0,\n  take: 50,\n  orderBy: {\n    nom: \"asc\"\n  }\n}\n\nUnknown field `utilisateur` for include statement on model `Membre`. Available options are marked with ?.","stack":"PrismaClientValidationError: \nInvalid `prisma.membre.findMany()` invocation:\n\n{\n  where: {},\n  include: {\n    departement: true,\n    utilisateur: {\n    ~~~~~~~~~~~\n      select: {\n        role: true,\n        actif: true\n      }\n    },\n?   responsableDe?: true,\n?   transactions?: true,\n?   utilisateurs?: true\n  },\n  skip: 0,\n  take: 50,\n  orderBy: {\n    nom: \"asc\"\n  }\n}\n\nUnknown field `utilisateur` for include statement on model `Membre`. Available options are marked with ?.\n    at wn (D:\\Web Project\\camp-de-dieu\\app\\backend-eglise\\node_modules\\@prisma\\client\\runtime\\library.js:29:1363)\n    at $n.handleRequestError (D:\\Web Project\\camp-de-dieu\\app\\backend-eglise\\node_modules\\@prisma\\client\\runtime\\library.js:121:6958)\n    at $n.handleAndLogRequestError (D:\\Web Project\\camp-de-dieu\\app\\backend-eglise\\node_modules\\@prisma\\client\\runtime\\library.js:121:6623)\n    at $n.request (D:\\Web Project\\camp-de-dieu\\app\\backend-eglise\\node_modules\\@prisma\\client\\runtime\\library.js:121:6307)\n    at async l (D:\\Web Project\\camp-de-dieu\\app\\backend-eglise\\node_modules\\@prisma\\client\\runtime\\library.js:130:9633)\n    at async Promise.all (index 0)\n    at async getMembres (file:///D:/Web%20Project/camp-de-dieu/app/backend-eglise/src/controllers/membreController.js:92:30)","timestamp":"2026-07-23 01:44:13:4413"}
{"level":"http","message":"GET /api/membres?page=1&limit=50 500 - 2094ms - ::1","timestamp":"2026-07-23 01:44:13:4413"}
{"level":"http","message":"::1 - - [23/Jul/2026:00:44:13 +0000] \"GET /api/membres?page=1&limit=50 HTTP/1.1\" 500 528 \"http://localhost:3000/\" \"Mozilla/5.0 (Windows NT 10.0; Win64; x64) AppleWebKit/537.36 (KHTML, like Gecko) Chrome/150.0.0.0 Safari/537.36\"","timestamp":"2026-07-23 01:44:13:4413"}
{"level":"error","message":"Prisma Error: \nInvalid `prisma.membre.findMany()` invocation:\n\n{\n  where: {},\n  include: {\n    departement: true,\n    utilisateur: {\n    ~~~~~~~~~~~\n      select: {\n        role: true,\n        actif: true\n      }\n    },\n?   responsableDe?: true,\n?   transactions?: true,\n?   utilisateurs?: true\n  },\n  skip: 0,\n  take: 10,\n  orderBy: {\n    nom: \"asc\"\n  }\n}\n\nUnknown field `utilisateur` for include statement on model `Membre`. Available options are marked with ?.","timestamp":"2026-07-23 01:44:13:4413"}
{"level":"error","message":"❌ Erreur getMembres: \nInvalid `prisma.membre.findMany()` invocation:\n\n{\n  where: {},\n  include: {\n    departement: true,\n    utilisateur: {\n    ~~~~~~~~~~~\n      select: {\n        role: true,\n        actif: true\n      }\n    },\n?   responsableDe?: true,\n?   transactions?: true,\n?   utilisateurs?: true\n  },\n  skip: 0,\n  take: 10,\n  orderBy: {\n    nom: \"asc\"\n  }\n}\n\nUnknown field `utilisateur` for include statement on model `Membre`. Available options are marked with ?.","stack":"PrismaClientValidationError: \nInvalid `prisma.membre.findMany()` invocation:\n\n{\n  where: {},\n  include: {\n    departement: true,\n    utilisateur: {\n    ~~~~~~~~~~~\n      select: {\n        role: true,\n        actif: true\n      }\n    },\n?   responsableDe?: true,\n?   transactions?: true,\n?   utilisateurs?: true\n  },\n  skip: 0,\n  take: 10,\n  orderBy: {\n    nom: \"asc\"\n  }\n}\n\nUnknown field `utilisateur` for include statement on model `Membre`. Available options are marked with ?.\n    at wn (D:\\Web Project\\camp-de-dieu\\app\\backend-eglise\\node_modules\\@prisma\\client\\runtime\\library.js:29:1363)\n    at $n.handleRequestError (D:\\Web Project\\camp-de-dieu\\app\\backend-eglise\\node_modules\\@prisma\\client\\runtime\\library.js:121:6958)\n    at $n.handleAndLogRequestError (D:\\Web Project\\camp-de-dieu\\app\\backend-eglise\\node_modules\\@prisma\\client\\runtime\\library.js:121:6623)\n    at $n.request (D:\\Web Project\\camp-de-dieu\\app\\backend-eglise\\node_modules\\@prisma\\client\\runtime\\library.js:121:6307)\n    at async l (D:\\Web Project\\camp-de-dieu\\app\\backend-eglise\\node_modules\\@prisma\\client\\runtime\\library.js:130:9633)\n    at async Promise.all (index 0)\n    at async getMembres (file:///D:/Web%20Project/camp-de-dieu/app/backend-eglise/src/controllers/membreController.js:92:30)","timestamp":"2026-07-23 01:44:13:4413"}
{"level":"http","message":"GET /api/membres?page=1&limit=10&search=&statut= 500 - 337ms - ::1","timestamp":"2026-07-23 01:44:13:4413"}
{"level":"http","message":"::1 - - [23/Jul/2026:00:44:13 +0000] \"GET /api/membres?page=1&limit=10&search=&statut= HTTP/1.1\" 500 528 \"http://localhost:3000/\" \"Mozilla/5.0 (Windows NT 10.0; Win64; x64) AppleWebKit/537.36 (KHTML, like Gecko) Chrome/150.0.0.0 Safari/537.36\"","timestamp":"2026-07-23 01:44:13:4413"}
{"level":"error","message":"Prisma Error: \nInvalid `prisma.membre.findMany()` invocation:\n\n{\n  where: {},\n  include: {\n    departement: true,\n    utilisateur: {\n    ~~~~~~~~~~~\n      select: {\n        role: true,\n        actif: true\n      }\n    },\n?   responsableDe?: true,\n?   transactions?: true,\n?   utilisateurs?: true\n  },\n  skip: 0,\n  take: 50,\n  orderBy: {\n    nom: \"asc\"\n  }\n}\n\nUnknown field `utilisateur` for include statement on model `Membre`. Available options are marked with ?.","timestamp":"2026-07-23 01:44:13:4413"}
{"level":"error","message":"❌ Erreur getMembres: \nInvalid `prisma.membre.findMany()` invocation:\n\n{\n  where: {},\n  include: {\n    departement: true,\n    utilisateur: {\n    ~~~~~~~~~~~\n      select: {\n        role: true,\n        actif: true\n      }\n    },\n?   responsableDe?: true,\n?   transactions?: true,\n?   utilisateurs?: true\n  },\n  skip: 0,\n  take: 50,\n  orderBy: {\n    nom: \"asc\"\n  }\n}\n\nUnknown field `utilisateur` for include statement on model `Membre`. Available options are marked with ?.","stack":"PrismaClientValidationError: \nInvalid `prisma.membre.findMany()` invocation:\n\n{\n  where: {},\n  include: {\n    departement: true,\n    utilisateur: {\n    ~~~~~~~~~~~\n      select: {\n        role: true,\n        actif: true\n      }\n    },\n?   responsableDe?: true,\n?   transactions?: true,\n?   utilisateurs?: true\n  },\n  skip: 0,\n  take: 50,\n  orderBy: {\n    nom: \"asc\"\n  }\n}\n\nUnknown field `utilisateur` for include statement on model `Membre`. Available options are marked with ?.\n    at wn (D:\\Web Project\\camp-de-dieu\\app\\backend-eglise\\node_modules\\@prisma\\client\\runtime\\library.js:29:1363)\n    at $n.handleRequestError (D:\\Web Project\\camp-de-dieu\\app\\backend-eglise\\node_modules\\@prisma\\client\\runtime\\library.js:121:6958)\n    at $n.handleAndLogRequestError (D:\\Web Project\\camp-de-dieu\\app\\backend-eglise\\node_modules\\@prisma\\client\\runtime\\library.js:121:6623)\n    at $n.request (D:\\Web Project\\camp-de-dieu\\app\\backend-eglise\\node_modules\\@prisma\\client\\runtime\\library.js:121:6307)\n    at async l (D:\\Web Project\\camp-de-dieu\\app\\backend-eglise\\node_modules\\@prisma\\client\\runtime\\library.js:130:9633)\n    at async Promise.all (index 0)\n    at async getMembres (file:///D:/Web%20Project/camp-de-dieu/app/backend-eglise/src/controllers/membreController.js:92:30)","timestamp":"2026-07-23 01:44:13:4413"}
{"level":"http","message":"GET /api/membres?page=1&limit=50 500 - 439ms - ::1","timestamp":"2026-07-23 01:44:13:4413"}
{"level":"http","message":"::1 - - [23/Jul/2026:00:44:13 +0000] \"GET /api/membres?page=1&limit=50 HTTP/1.1\" 500 528 \"http://localhost:3000/\" \"Mozilla/5.0 (Windows NT 10.0; Win64; x64) AppleWebKit/537.36 (KHTML, like Gecko) Chrome/150.0.0.0 Safari/537.36\"","timestamp":"2026-07-23 01:44:13:4413"}
