{"level":"info","message":"✅ Base de données connectée avec succès","timestamp":"2026-07-23 18:06:11:611"}
{"level":"info","message":"✅ Base de données opérationnelle","timestamp":"2026-07-23 18:06:12:612"}
{"level":"info","message":"🚀 Serveur démarré avec succès","timestamp":"2026-07-23 18:06:12:612"}
{"level":"info","message":"📡 Environnement: development","timestamp":"2026-07-23 18:06:12:612"}
{"level":"info","message":"🌐 Port: 5000","timestamp":"2026-07-23 18:06:12:612"}
{"level":"info","message":"📚 Documentation: http://localhost:5000/api-docs","timestamp":"2026-07-23 18:06:12:612"}
{"level":"info","message":"❤️  Health check: http://localhost:5000/health","timestamp":"2026-07-23 18:06:12:612"}
{"level":"info","message":"✅ Base de données connectée avec succès","timestamp":"2026-07-23 18:45:49:4549"}
{"level":"info","message":"✅ Base de données opérationnelle","timestamp":"2026-07-23 18:45:50:4550"}
{"level":"info","message":"🚀 Serveur démarré avec succès","timestamp":"2026-07-23 18:45:50:4550"}
{"level":"info","message":"📡 Environnement: development","timestamp":"2026-07-23 18:45:50:4550"}
{"level":"info","message":"🌐 Port: 5000","timestamp":"2026-07-23 18:45:50:4550"}
{"level":"info","message":"📚 Documentation: http://localhost:5000/api-docs","timestamp":"2026-07-23 18:45:50:4550"}
{"level":"info","message":"❤️  Health check: http://localhost:5000/health","timestamp":"2026-07-23 18:45:50:4550"}
{"level":"error","message":"Prisma Error: \nInvalid `prisma.membre.findMany()` invocation:\n\n{\n  where: {},\n  include: {\n    departement: true,\n    utilisateur: {\n    ~~~~~~~~~~~\n      select: {\n        role: true,\n        actif: true\n      }\n    },\n?   responsableDe?: true,\n?   transactions?: true,\n?   utilisateurs?: true\n  },\n  skip: 0,\n  take: 100,\n  orderBy: {\n    nom: \"asc\"\n  }\n}\n\nUnknown field `utilisateur` for include statement on model `Membre`. Available options are marked with ?.","timestamp":"2026-07-23 18:56:42:5642"}
{"level":"error","message":"❌ Erreur getMembres: \nInvalid `prisma.membre.findMany()` invocation:\n\n{\n  where: {},\n  include: {\n    departement: true,\n    utilisateur: {\n    ~~~~~~~~~~~\n      select: {\n        role: true,\n        actif: true\n      }\n    },\n?   responsableDe?: true,\n?   transactions?: true,\n?   utilisateurs?: true\n  },\n  skip: 0,\n  take: 100,\n  orderBy: {\n    nom: \"asc\"\n  }\n}\n\nUnknown field `utilisateur` for include statement on model `Membre`. Available options are marked with ?.","stack":"PrismaClientValidationError: \nInvalid `prisma.membre.findMany()` invocation:\n\n{\n  where: {},\n  include: {\n    departement: true,\n    utilisateur: {\n    ~~~~~~~~~~~\n      select: {\n        role: true,\n        actif: true\n      }\n    },\n?   responsableDe?: true,\n?   transactions?: true,\n?   utilisateurs?: true\n  },\n  skip: 0,\n  take: 100,\n  orderBy: {\n    nom: \"asc\"\n  }\n}\n\nUnknown field `utilisateur` for include statement on model `Membre`. Available options are marked with ?.\n    at wn (D:\\Web Project\\camp-de-dieu\\app\\backend-eglise\\node_modules\\@prisma\\client\\runtime\\library.js:29:1363)\n    at $n.handleRequestError (D:\\Web Project\\camp-de-dieu\\app\\backend-eglise\\node_modules\\@prisma\\client\\runtime\\library.js:121:6958)\n    at $n.handleAndLogRequestError (D:\\Web Project\\camp-de-dieu\\app\\backend-eglise\\node_modules\\@prisma\\client\\runtime\\library.js:121:6623)\n    at $n.request (D:\\Web Project\\camp-de-dieu\\app\\backend-eglise\\node_modules\\@prisma\\client\\runtime\\library.js:121:6307)\n    at async l (D:\\Web Project\\camp-de-dieu\\app\\backend-eglise\\node_modules\\@prisma\\client\\runtime\\library.js:130:9633)\n    at async Promise.all (index 0)\n    at async getMembres (file:///D:/Web%20Project/camp-de-dieu/app/backend-eglise/src/controllers/membreController.js:92:30)","timestamp":"2026-07-23 18:56:42:5642"}
{"level":"http","message":"GET /api/membres?page=1&limit=100 500 - 5196ms - ::1","timestamp":"2026-07-23 18:56:43:5643"}
{"level":"http","message":"::1 - - [23/Jul/2026:17:56:43 +0000] \"GET /api/membres?page=1&limit=100 HTTP/1.1\" 500 529 \"http://localhost:3000/\" \"Mozilla/5.0 (Windows NT 10.0; Win64; x64) AppleWebKit/537.36 (KHTML, like Gecko) Chrome/150.0.0.0 Safari/537.36\"","timestamp":"2026-07-23 18:56:43:5643"}
{"level":"http","message":"GET /api/categories 200 - 7144ms - ::1","timestamp":"2026-07-23 18:56:44:5644"}
{"level":"http","message":"::1 - - [23/Jul/2026:17:56:44 +0000] \"GET /api/categories HTTP/1.1\" 200 - \"http://localhost:3000/\" \"Mozilla/5.0 (Windows NT 10.0; Win64; x64) AppleWebKit/537.36 (KHTML, like Gecko) Chrome/150.0.0.0 Safari/537.36\"","timestamp":"2026-07-23 18:56:44:5644"}
{"level":"http","message":"GET /api/transactions?page=1&limit=50 200 - 11909ms - ::1","timestamp":"2026-07-23 18:56:49:5649"}
{"level":"http","message":"::1 - - [23/Jul/2026:17:56:49 +0000] \"GET /api/transactions?page=1&limit=50 HTTP/1.1\" 200 - \"http://localhost:3000/\" \"Mozilla/5.0 (Windows NT 10.0; Win64; x64) AppleWebKit/537.36 (KHTML, like Gecko) Chrome/150.0.0.0 Safari/537.36\"","timestamp":"2026-07-23 18:56:49:5649"}
{"level":"http","message":"POST /api/transactions 400 - 1062ms - ::1","timestamp":"2026-07-23 18:57:01:571"}
{"level":"http","message":"::1 - - [23/Jul/2026:17:57:01 +0000] \"POST /api/transactions HTTP/1.1\" 400 175 \"http://localhost:3000/\" \"Mozilla/5.0 (Windows NT 10.0; Win64; x64) AppleWebKit/537.36 (KHTML, like Gecko) Chrome/150.0.0.0 Safari/537.36\"","timestamp":"2026-07-23 18:57:01:571"}
{"level":"http","message":"POST /api/transactions 400 - 561ms - ::1","timestamp":"2026-07-23 18:57:20:5720"}
{"level":"http","message":"::1 - - [23/Jul/2026:17:57:20 +0000] \"POST /api/transactions HTTP/1.1\" 400 175 \"http://localhost:3000/\" \"Mozilla/5.0 (Windows NT 10.0; Win64; x64) AppleWebKit/537.36 (KHTML, like Gecko) Chrome/150.0.0.0 Safari/537.36\"","timestamp":"2026-07-23 18:57:20:5720"}
{"level":"http","message":"::1 - - [23/Jul/2026:18:21:21 +0000] \"GET /api/membres?page=1&limit=50 HTTP/1.1\" - - \"http://localhost:3000/\" \"Mozilla/5.0 (Windows NT 10.0; Win64; x64) AppleWebKit/537.36 (KHTML, like Gecko) Chrome/150.0.0.0 Safari/537.36\"","timestamp":"2026-07-23 19:21:21:2121"}
{"level":"error","message":"Prisma Error: \nInvalid `prisma.membre.findMany()` invocation:\n\n{\n  where: {},\n  include: {\n    departement: true,\n    utilisateur: {\n    ~~~~~~~~~~~\n      select: {\n        role: true,\n        actif: true\n      }\n    },\n?   responsableDe?: true,\n?   transactions?: true,\n?   utilisateurs?: true\n  },\n  skip: 0,\n  take: 50,\n  orderBy: {\n    nom: \"asc\"\n  }\n}\n\nUnknown field `utilisateur` for include statement on model `Membre`. Available options are marked with ?.","timestamp":"2026-07-23 19:21:23:2123"}
{"level":"error","message":"❌ Erreur getMembres: \nInvalid `prisma.membre.findMany()` invocation:\n\n{\n  where: {},\n  include: {\n    departement: true,\n    utilisateur: {\n    ~~~~~~~~~~~\n      select: {\n        role: true,\n        actif: true\n      }\n    },\n?   responsableDe?: true,\n?   transactions?: true,\n?   utilisateurs?: true\n  },\n  skip: 0,\n  take: 50,\n  orderBy: {\n    nom: \"asc\"\n  }\n}\n\nUnknown field `utilisateur` for include statement on model `Membre`. Available options are marked with ?.","stack":"PrismaClientValidationError: \nInvalid `prisma.membre.findMany()` invocation:\n\n{\n  where: {},\n  include: {\n    departement: true,\n    utilisateur: {\n    ~~~~~~~~~~~\n      select: {\n        role: true,\n        actif: true\n      }\n    },\n?   responsableDe?: true,\n?   transactions?: true,\n?   utilisateurs?: true\n  },\n  skip: 0,\n  take: 50,\n  orderBy: {\n    nom: \"asc\"\n  }\n}\n\nUnknown field `utilisateur` for include statement on model `Membre`. Available options are marked with ?.\n    at wn (D:\\Web Project\\camp-de-dieu\\app\\backend-eglise\\node_modules\\@prisma\\client\\runtime\\library.js:29:1363)\n    at $n.handleRequestError (D:\\Web Project\\camp-de-dieu\\app\\backend-eglise\\node_modules\\@prisma\\client\\runtime\\library.js:121:6958)\n    at $n.handleAndLogRequestError (D:\\Web Project\\camp-de-dieu\\app\\backend-eglise\\node_modules\\@prisma\\client\\runtime\\library.js:121:6623)\n    at $n.request (D:\\Web Project\\camp-de-dieu\\app\\backend-eglise\\node_modules\\@prisma\\client\\runtime\\library.js:121:6307)\n    at async l (D:\\Web Project\\camp-de-dieu\\app\\backend-eglise\\node_modules\\@prisma\\client\\runtime\\library.js:130:9633)\n    at async Promise.all (index 0)\n    at async getMembres (file:///D:/Web%20Project/camp-de-dieu/app/backend-eglise/src/controllers/membreController.js:92:30)","timestamp":"2026-07-23 19:21:23:2123"}
{"level":"info","message":"✅ Base de données connectée avec succès","timestamp":"2026-07-23 19:22:06:226"}
{"level":"info","message":"✅ Base de données opérationnelle","timestamp":"2026-07-23 19:22:06:226"}
{"level":"info","message":"🚀 Serveur démarré avec succès","timestamp":"2026-07-23 19:22:07:227"}
{"level":"info","message":"📡 Environnement: development","timestamp":"2026-07-23 19:22:07:227"}
{"level":"info","message":"🌐 Port: 5000","timestamp":"2026-07-23 19:22:07:227"}
{"level":"info","message":"📚 Documentation: http://localhost:5000/api-docs","timestamp":"2026-07-23 19:22:07:227"}
{"level":"info","message":"❤️  Health check: http://localhost:5000/health","timestamp":"2026-07-23 19:22:07:227"}
